2024/12/01 23:06:35 INFO  - jmeter.util.JMeterUtils: Setting Locale to es_ES 
2024/12/01 23:06:35 INFO  - jmeter.util.JMeterUtils: Could not find resources for 'es_ES', using 'es' 
2024/12/01 23:06:35 INFO  - jmeter.JMeter: Loading user properties from: /usr/share/jmeter/bin/user.properties 
2024/12/01 23:06:35 INFO  - jmeter.JMeter: Loading system properties from: /usr/share/jmeter/bin/system.properties 
2024/12/01 23:06:35 INFO  - jmeter.JMeter: Copyright (c) 1998-2015 The Apache Software Foundation 
2024/12/01 23:06:35 INFO  - jmeter.JMeter: Version 2.13.20180731 
2024/12/01 23:06:35 INFO  - jmeter.JMeter: java.version=11.0.25 
2024/12/01 23:06:35 INFO  - jmeter.JMeter: java.vm.name=OpenJDK 64-Bit Server VM 
2024/12/01 23:06:35 INFO  - jmeter.JMeter: os.name=Linux 
2024/12/01 23:06:35 INFO  - jmeter.JMeter: os.arch=amd64 
2024/12/01 23:06:35 INFO  - jmeter.JMeter: os.version=5.4.0-200-generic 
2024/12/01 23:06:35 INFO  - jmeter.JMeter: file.encoding=UTF-8 
2024/12/01 23:06:35 INFO  - jmeter.JMeter: Default Locale=espa単ol (Espa単a) 
2024/12/01 23:06:35 INFO  - jmeter.JMeter: JMeter  Locale=espa単ol (Espa単a) 
2024/12/01 23:06:35 INFO  - jmeter.JMeter: JMeterHome=/usr/share/jmeter 
2024/12/01 23:06:35 INFO  - jmeter.JMeter: user.dir  =/home/estudiante/apache-jmeter-5.6.3/bin/Caso4InfraComp 
2024/12/01 23:06:35 INFO  - jmeter.JMeter: PWD       =/home/estudiante/apache-jmeter-5.6.3/bin/Caso4InfraComp 
2024/12/01 23:06:35 INFO  - jmeter.JMeter: IP: 127.0.1.1 Name: admonsis-vm FullName: admonsis-vm 
2024/12/01 23:06:35 INFO  - jmeter.services.FileServer: Default base='/home/estudiante/apache-jmeter-5.6.3/bin/Caso4InfraComp' 
2024/12/01 23:06:35 INFO  - jmeter.services.FileServer: Set new base='/home/estudiante/apache-jmeter-5.6.3/bin/Caso4InfraComp' 
2024/12/01 23:06:35 INFO  - jmeter.save.SaveService: Testplan (JMX) version: 2.2. Testlog (JTL) version: 2.2 
2024/12/01 23:06:35 INFO  - jmeter.save.SaveService: Using SaveService properties version 2.8 
2024/12/01 23:06:35 INFO  - jmeter.save.SaveService: Using SaveService properties file version 1656252 
2024/12/01 23:06:35 INFO  - jmeter.save.SaveService: Using SaveService properties file encoding UTF-8 
2024/12/01 23:06:35 INFO  - jmeter.save.SaveService: All converter versions present and correct 
2024/12/01 23:06:35 INFO  - jmeter.save.SaveService: Loading file: Test.jmx 
2024/12/01 23:06:35 INFO  - jmeter.protocol.http.sampler.HTTPSamplerBase: Cannot find .className property for htmlParser, using default 
2024/12/01 23:06:35 INFO  - jmeter.protocol.http.sampler.HTTPSamplerBase: Parser for text/html is  
2024/12/01 23:06:35 INFO  - jmeter.protocol.http.sampler.HTTPSamplerBase: Parser for application/xhtml+xml is  
2024/12/01 23:06:35 INFO  - jmeter.protocol.http.sampler.HTTPSamplerBase: Parser for application/xml is  
2024/12/01 23:06:35 INFO  - jmeter.protocol.http.sampler.HTTPSamplerBase: Parser for text/xml is  
2024/12/01 23:06:35 INFO  - jmeter.protocol.http.sampler.HTTPSamplerBase: Parser for text/vnd.wap.wml is org.apache.jmeter.protocol.http.parser.RegexpHTMLParser 
2024/12/01 23:06:35 INFO  - jmeter.JMeter: Creating summariser <summary> 
2024/12/01 23:06:35 INFO  - jmeter.engine.StandardJMeterEngine: Listeners will be started after enabling running version 
2024/12/01 23:06:35 INFO  - jmeter.engine.StandardJMeterEngine: To revert to the earlier behaviour, define jmeterengine.startlistenerslater=false 
2024/12/01 23:06:35 INFO  - jmeter.engine.StandardJMeterEngine: Running the test! 
2024/12/01 23:06:35 INFO  - jmeter.samplers.SampleEvent: List of sample_variables: [] 
2024/12/01 23:06:35 INFO  - jmeter.samplers.SampleEvent: List of sample_variables: [] 
2024/12/01 23:06:35 INFO  - jmeter.engine.util.CompoundVariable: Note: Function class names must contain the string: '.functions.' 
2024/12/01 23:06:35 INFO  - jmeter.engine.util.CompoundVariable: Note: Function class names must not contain the string: '.gui.' 
2024/12/01 23:06:35 INFO  - jmeter.JMeter: Test lanzado (1733112395878) 
2024/12/01 23:06:35 INFO  - jmeter.engine.StandardJMeterEngine: Starting ThreadGroup: 1 : Caso4 
2024/12/01 23:06:35 INFO  - jmeter.engine.StandardJMeterEngine: Starting 300 threads for group Caso4. 
2024/12/01 23:06:35 INFO  - jmeter.engine.StandardJMeterEngine: Thread will continue on error 
2024/12/01 23:06:35 INFO  - jmeter.threads.ThreadGroup: Starting thread group number 1 threads 300 ramp-up 5 perThread 16.666666 delayedStart=false 
2024/12/01 23:06:35 INFO  - jmeter.threads.JMeterThread: jmeterthread.startearlier=true (see jmeter.properties) 
2024/12/01 23:06:35 INFO  - jmeter.threads.JMeterThread: Running PostProcessors in forward order 
2024/12/01 23:06:35 INFO  - jmeter.threads.JMeterThread: Thread started: Caso4 1-1 
2024/12/01 23:06:35 INFO  - jmeter.threads.JMeterThread: Thread started: Caso4 1-2 
2024/12/01 23:06:35 INFO  - jmeter.threads.JMeterThread: Thread started: Caso4 1-3 
2024/12/01 23:06:35 INFO  - jmeter.threads.JMeterThread: Thread started: Caso4 1-4 
2024/12/01 23:06:35 INFO  - jmeter.threads.JMeterThread: Thread started: Caso4 1-5 
2024/12/01 23:06:36 INFO  - jmeter.threads.JMeterThread: Thread started: Caso4 1-6 
2024/12/01 23:06:36 INFO  - jmeter.threads.JMeterThread: Thread started: Caso4 1-7 
2024/12/01 23:06:36 INFO  - jmeter.threads.JMeterThread: Thread started: Caso4 1-8 
2024/12/01 23:06:36 INFO  - jmeter.threads.JMeterThread: Thread started: Caso4 1-9 
2024/12/01 23:06:36 INFO  - jmeter.threads.JMeterThread: Thread started: Caso4 1-10 
2024/12/01 23:06:36 INFO  - jmeter.protocol.http.sampler.HTTPHCAbstractImpl: Local host = admonsis-vm 
2024/12/01 23:06:36 INFO  - jmeter.protocol.http.sampler.HTTPHC4Impl: HTTP request retry count = 0 
2024/12/01 23:06:36 INFO  - jmeter.threads.JMeterThread: Thread started: Caso4 1-11 
2024/12/01 23:06:36 INFO  - jmeter.threads.ThreadGroup: Started thread group number 1 
2024/12/01 23:06:36 INFO  - jmeter.engine.StandardJMeterEngine: All thread groups have been started 
2024/12/01 23:06:36 INFO  - jmeter.protocol.http.sampler.HTTPHC4Impl: Setting up HTTPS TrustAll scheme 
2024/12/01 23:06:36 INFO  - jmeter.threads.JMeterThread: Thread started: Caso4 1-12 
2024/12/01 23:06:36 INFO  - jmeter.util.JsseSSLManager: Using default SSL protocol: TLS 
2024/12/01 23:06:36 INFO  - jmeter.util.JsseSSLManager: SSL session context: per-thread 
2024/12/01 23:06:36 INFO  - jmeter.threads.JMeterThread: Thread started: Caso4 1-14 
2024/12/01 23:06:36 INFO  - jmeter.threads.JMeterThread: Thread started: Caso4 1-13 
2024/12/01 23:06:36 INFO  - jmeter.threads.JMeterThread: Thread started: Caso4 1-15 
2024/12/01 23:06:36 INFO  - jmeter.threads.JMeterThread: Thread started: Caso4 1-16 
2024/12/01 23:06:36 INFO  - jmeter.threads.JMeterThread: Thread started: Caso4 1-17 
2024/12/01 23:06:36 INFO  - jmeter.samplers.SampleResult: Note: Sample TimeStamps are START times 
2024/12/01 23:06:36 INFO  - jmeter.samplers.SampleResult: sampleresult.default.encoding is set to ISO-8859-1 
2024/12/01 23:06:36 INFO  - jmeter.samplers.SampleResult: sampleresult.useNanoTime=true 
2024/12/01 23:06:36 INFO  - jmeter.samplers.SampleResult: sampleresult.nanoThreadSleep=5000 
2024/12/01 23:06:36 INFO  - jmeter.threads.JMeterThread: Thread started: Caso4 1-18 
2024/12/01 23:06:36 INFO  - jmeter.threads.JMeterThread: Thread started: Caso4 1-19 
2024/12/01 23:06:36 INFO  - jmeter.threads.JMeterThread: Thread started: Caso4 1-20 
2024/12/01 23:06:36 INFO  - jmeter.threads.JMeterThread: Thread started: Caso4 1-21 
2024/12/01 23:06:36 INFO  - jmeter.threads.JMeterThread: Thread started: Caso4 1-22 
2024/12/01 23:06:36 INFO  - jmeter.threads.JMeterThread: Thread started: Caso4 1-23 
2024/12/01 23:06:36 INFO  - jmeter.threads.JMeterThread: Thread started: Caso4 1-24 
2024/12/01 23:06:36 INFO  - jmeter.threads.JMeterThread: Thread started: Caso4 1-25 
2024/12/01 23:06:36 INFO  - jmeter.threads.JMeterThread: Thread started: Caso4 1-26 
2024/12/01 23:06:36 INFO  - jmeter.threads.JMeterThread: Thread started: Caso4 1-27 
2024/12/01 23:06:36 INFO  - jmeter.threads.JMeterThread: Thread started: Caso4 1-28 
2024/12/01 23:06:36 INFO  - jmeter.threads.JMeterThread: Thread started: Caso4 1-29 
2024/12/01 23:06:36 INFO  - jmeter.threads.JMeterThread: Thread is done: Caso4 1-5 
2024/12/01 23:06:36 INFO  - jmeter.threads.JMeterThread: Thread finished: Caso4 1-5 
2024/12/01 23:06:36 INFO  - jmeter.threads.JMeterThread: Thread started: Caso4 1-30 
2024/12/01 23:06:36 INFO  - jmeter.threads.JMeterThread: Thread is done: Caso4 1-3 
2024/12/01 23:06:36 INFO  - jmeter.threads.JMeterThread: Thread finished: Caso4 1-3 
2024/12/01 23:06:36 INFO  - jmeter.threads.JMeterThread: Thread is done: Caso4 1-19 
2024/12/01 23:06:36 INFO  - jmeter.threads.JMeterThread: Thread finished: Caso4 1-19 
2024/12/01 23:06:36 INFO  - jmeter.threads.JMeterThread: Thread started: Caso4 1-31 
2024/12/01 23:06:36 INFO  - jmeter.threads.JMeterThread: Thread is done: Caso4 1-23 
2024/12/01 23:06:36 INFO  - jmeter.threads.JMeterThread: Thread finished: Caso4 1-23 
2024/12/01 23:06:36 INFO  - jmeter.threads.JMeterThread: Thread started: Caso4 1-32 
2024/12/01 23:06:36 INFO  - jmeter.threads.JMeterThread: Thread is done: Caso4 1-21 
2024/12/01 23:06:36 INFO  - jmeter.threads.JMeterThread: Thread finished: Caso4 1-21 
2024/12/01 23:06:36 INFO  - jmeter.threads.JMeterThread: Thread is done: Caso4 1-18 
2024/12/01 23:06:36 INFO  - jmeter.threads.JMeterThread: Thread finished: Caso4 1-18 
2024/12/01 23:06:36 INFO  - jmeter.threads.JMeterThread: Thread started: Caso4 1-33 
2024/12/01 23:06:36 INFO  - jmeter.threads.JMeterThread: Thread is done: Caso4 1-13 
2024/12/01 23:06:36 INFO  - jmeter.threads.JMeterThread: Thread finished: Caso4 1-13 
2024/12/01 23:06:36 INFO  - jmeter.threads.JMeterThread: Thread is done: Caso4 1-14 
2024/12/01 23:06:36 INFO  - jmeter.threads.JMeterThread: Thread finished: Caso4 1-14 
2024/12/01 23:06:36 INFO  - jmeter.threads.JMeterThread: Thread is done: Caso4 1-8 
2024/12/01 23:06:36 INFO  - jmeter.threads.JMeterThread: Thread finished: Caso4 1-8 
2024/12/01 23:06:36 INFO  - jmeter.threads.JMeterThread: Thread started: Caso4 1-34 
2024/12/01 23:06:36 INFO  - jmeter.threads.JMeterThread: Thread is done: Caso4 1-11 
2024/12/01 23:06:36 INFO  - jmeter.threads.JMeterThread: Thread finished: Caso4 1-11 
2024/12/01 23:06:36 INFO  - jmeter.threads.JMeterThread: Thread started: Caso4 1-35 
2024/12/01 23:06:36 INFO  - jmeter.threads.JMeterThread: Thread is done: Caso4 1-4 
2024/12/01 23:06:36 INFO  - jmeter.threads.JMeterThread: Thread finished: Caso4 1-4 
2024/12/01 23:06:36 INFO  - jmeter.threads.JMeterThread: Thread is done: Caso4 1-22 
2024/12/01 23:06:36 INFO  - jmeter.threads.JMeterThread: Thread finished: Caso4 1-22 
2024/12/01 23:06:36 INFO  - jmeter.threads.JMeterThread: Thread is done: Caso4 1-17 
2024/12/01 23:06:36 INFO  - jmeter.threads.JMeterThread: Thread finished: Caso4 1-17 
2024/12/01 23:06:36 INFO  - jmeter.threads.JMeterThread: Thread is done: Caso4 1-7 
2024/12/01 23:06:36 INFO  - jmeter.threads.JMeterThread: Thread finished: Caso4 1-7 
2024/12/01 23:06:36 INFO  - jmeter.threads.JMeterThread: Thread is done: Caso4 1-1 
2024/12/01 23:06:36 INFO  - jmeter.threads.JMeterThread: Thread finished: Caso4 1-1 
2024/12/01 23:06:36 INFO  - jmeter.threads.JMeterThread: Thread started: Caso4 1-36 
2024/12/01 23:06:36 INFO  - jmeter.threads.JMeterThread: Thread is done: Caso4 1-10 
2024/12/01 23:06:36 INFO  - jmeter.threads.JMeterThread: Thread finished: Caso4 1-10 
2024/12/01 23:06:36 INFO  - jmeter.threads.JMeterThread: Thread is done: Caso4 1-2 
2024/12/01 23:06:36 INFO  - jmeter.threads.JMeterThread: Thread finished: Caso4 1-2 
2024/12/01 23:06:36 INFO  - jmeter.threads.JMeterThread: Thread is done: Caso4 1-24 
2024/12/01 23:06:36 INFO  - jmeter.threads.JMeterThread: Thread finished: Caso4 1-24 
2024/12/01 23:06:36 INFO  - jmeter.threads.JMeterThread: Thread started: Caso4 1-37 
2024/12/01 23:06:36 INFO  - jmeter.threads.JMeterThread: Thread is done: Caso4 1-9 
2024/12/01 23:06:36 INFO  - jmeter.threads.JMeterThread: Thread finished: Caso4 1-9 
2024/12/01 23:06:36 INFO  - jmeter.threads.JMeterThread: Thread is done: Caso4 1-6 
2024/12/01 23:06:36 INFO  - jmeter.threads.JMeterThread: Thread finished: Caso4 1-6 
2024/12/01 23:06:36 INFO  - jmeter.threads.JMeterThread: Thread is done: Caso4 1-15 
2024/12/01 23:06:36 INFO  - jmeter.threads.JMeterThread: Thread finished: Caso4 1-15 
2024/12/01 23:06:36 INFO  - jmeter.threads.JMeterThread: Thread is done: Caso4 1-20 
2024/12/01 23:06:36 INFO  - jmeter.threads.JMeterThread: Thread finished: Caso4 1-20 
2024/12/01 23:06:36 INFO  - jmeter.threads.JMeterThread: Thread is done: Caso4 1-25 
2024/12/01 23:06:36 INFO  - jmeter.threads.JMeterThread: Thread finished: Caso4 1-25 
2024/12/01 23:06:36 INFO  - jmeter.threads.JMeterThread: Thread is done: Caso4 1-34 
2024/12/01 23:06:36 INFO  - jmeter.threads.JMeterThread: Thread finished: Caso4 1-34 
2024/12/01 23:06:36 INFO  - jmeter.threads.JMeterThread: Thread is done: Caso4 1-16 
2024/12/01 23:06:36 INFO  - jmeter.threads.JMeterThread: Thread finished: Caso4 1-16 
2024/12/01 23:06:36 INFO  - jmeter.threads.JMeterThread: Thread started: Caso4 1-38 
2024/12/01 23:06:36 INFO  - jmeter.threads.JMeterThread: Thread is done: Caso4 1-12 
2024/12/01 23:06:36 INFO  - jmeter.threads.JMeterThread: Thread finished: Caso4 1-12 
2024/12/01 23:06:36 INFO  - jmeter.threads.JMeterThread: Thread is done: Caso4 1-26 
2024/12/01 23:06:36 INFO  - jmeter.threads.JMeterThread: Thread finished: Caso4 1-26 
2024/12/01 23:06:36 INFO  - jmeter.threads.JMeterThread: Thread is done: Caso4 1-33 
2024/12/01 23:06:36 INFO  - jmeter.threads.JMeterThread: Thread finished: Caso4 1-33 
2024/12/01 23:06:36 INFO  - jmeter.threads.JMeterThread: Thread is done: Caso4 1-30 
2024/12/01 23:06:36 INFO  - jmeter.threads.JMeterThread: Thread finished: Caso4 1-30 
2024/12/01 23:06:36 INFO  - jmeter.threads.JMeterThread: Thread is done: Caso4 1-31 
2024/12/01 23:06:36 INFO  - jmeter.threads.JMeterThread: Thread finished: Caso4 1-31 
2024/12/01 23:06:36 INFO  - jmeter.threads.JMeterThread: Thread started: Caso4 1-39 
2024/12/01 23:06:36 INFO  - jmeter.threads.JMeterThread: Thread is done: Caso4 1-29 
2024/12/01 23:06:36 INFO  - jmeter.threads.JMeterThread: Thread finished: Caso4 1-29 
2024/12/01 23:06:36 INFO  - jmeter.threads.JMeterThread: Thread is done: Caso4 1-28 
2024/12/01 23:06:36 INFO  - jmeter.threads.JMeterThread: Thread finished: Caso4 1-28 
2024/12/01 23:06:36 INFO  - jmeter.threads.JMeterThread: Thread is done: Caso4 1-35 
2024/12/01 23:06:36 INFO  - jmeter.threads.JMeterThread: Thread finished: Caso4 1-35 
2024/12/01 23:06:36 INFO  - jmeter.threads.JMeterThread: Thread is done: Caso4 1-37 
2024/12/01 23:06:36 INFO  - jmeter.threads.JMeterThread: Thread is done: Caso4 1-27 
2024/12/01 23:06:36 INFO  - jmeter.threads.JMeterThread: Thread finished: Caso4 1-27 
2024/12/01 23:06:36 INFO  - jmeter.threads.JMeterThread: Thread finished: Caso4 1-37 
2024/12/01 23:06:36 INFO  - jmeter.threads.JMeterThread: Thread is done: Caso4 1-32 
2024/12/01 23:06:36 INFO  - jmeter.threads.JMeterThread: Thread finished: Caso4 1-32 
2024/12/01 23:06:36 INFO  - jmeter.threads.JMeterThread: Thread is done: Caso4 1-36 
2024/12/01 23:06:36 INFO  - jmeter.threads.JMeterThread: Thread finished: Caso4 1-36 
2024/12/01 23:06:36 INFO  - jmeter.threads.JMeterThread: Thread is done: Caso4 1-38 
2024/12/01 23:06:36 INFO  - jmeter.threads.JMeterThread: Thread finished: Caso4 1-38 
2024/12/01 23:06:36 INFO  - jmeter.threads.JMeterThread: Thread is done: Caso4 1-39 
2024/12/01 23:06:36 INFO  - jmeter.threads.JMeterThread: Thread finished: Caso4 1-39 
2024/12/01 23:06:36 INFO  - jmeter.threads.JMeterThread: Thread started: Caso4 1-40 
2024/12/01 23:06:36 INFO  - jmeter.threads.JMeterThread: Thread is done: Caso4 1-40 
2024/12/01 23:06:36 INFO  - jmeter.threads.JMeterThread: Thread finished: Caso4 1-40 
2024/12/01 23:06:36 INFO  - jmeter.threads.JMeterThread: Thread started: Caso4 1-41 
2024/12/01 23:06:36 INFO  - jmeter.threads.JMeterThread: Thread is done: Caso4 1-41 
2024/12/01 23:06:36 INFO  - jmeter.threads.JMeterThread: Thread finished: Caso4 1-41 
2024/12/01 23:06:36 INFO  - jmeter.threads.JMeterThread: Thread started: Caso4 1-42 
2024/12/01 23:06:36 INFO  - jmeter.threads.JMeterThread: Thread is done: Caso4 1-42 
2024/12/01 23:06:36 INFO  - jmeter.threads.JMeterThread: Thread finished: Caso4 1-42 
2024/12/01 23:06:36 INFO  - jmeter.threads.JMeterThread: Thread started: Caso4 1-43 
2024/12/01 23:06:36 INFO  - jmeter.threads.JMeterThread: Thread is done: Caso4 1-43 
2024/12/01 23:06:36 INFO  - jmeter.threads.JMeterThread: Thread finished: Caso4 1-43 
2024/12/01 23:06:36 INFO  - jmeter.threads.JMeterThread: Thread started: Caso4 1-44 
2024/12/01 23:06:36 INFO  - jmeter.threads.JMeterThread: Thread is done: Caso4 1-44 
2024/12/01 23:06:36 INFO  - jmeter.threads.JMeterThread: Thread finished: Caso4 1-44 
2024/12/01 23:06:36 INFO  - jmeter.threads.JMeterThread: Thread started: Caso4 1-45 
2024/12/01 23:06:36 INFO  - jmeter.threads.JMeterThread: Thread is done: Caso4 1-45 
2024/12/01 23:06:36 INFO  - jmeter.threads.JMeterThread: Thread finished: Caso4 1-45 
2024/12/01 23:06:36 INFO  - jmeter.threads.JMeterThread: Thread started: Caso4 1-46 
2024/12/01 23:06:36 INFO  - jmeter.threads.JMeterThread: Thread is done: Caso4 1-46 
2024/12/01 23:06:36 INFO  - jmeter.threads.JMeterThread: Thread finished: Caso4 1-46 
2024/12/01 23:06:36 INFO  - jmeter.threads.JMeterThread: Thread started: Caso4 1-47 
2024/12/01 23:06:36 INFO  - jmeter.threads.JMeterThread: Thread is done: Caso4 1-47 
2024/12/01 23:06:36 INFO  - jmeter.threads.JMeterThread: Thread finished: Caso4 1-47 
2024/12/01 23:06:36 INFO  - jmeter.threads.JMeterThread: Thread started: Caso4 1-48 
2024/12/01 23:06:36 INFO  - jmeter.threads.JMeterThread: Thread is done: Caso4 1-48 
2024/12/01 23:06:36 INFO  - jmeter.threads.JMeterThread: Thread finished: Caso4 1-48 
2024/12/01 23:06:36 INFO  - jmeter.threads.JMeterThread: Thread started: Caso4 1-49 
2024/12/01 23:06:36 INFO  - jmeter.threads.JMeterThread: Thread is done: Caso4 1-49 
2024/12/01 23:06:36 INFO  - jmeter.threads.JMeterThread: Thread finished: Caso4 1-49 
2024/12/01 23:06:36 INFO  - jmeter.threads.JMeterThread: Thread started: Caso4 1-50 
2024/12/01 23:06:36 INFO  - jmeter.threads.JMeterThread: Thread is done: Caso4 1-50 
2024/12/01 23:06:36 INFO  - jmeter.threads.JMeterThread: Thread finished: Caso4 1-50 
2024/12/01 23:06:36 INFO  - jmeter.threads.JMeterThread: Thread started: Caso4 1-51 
2024/12/01 23:06:36 INFO  - jmeter.threads.JMeterThread: Thread is done: Caso4 1-51 
2024/12/01 23:06:36 INFO  - jmeter.threads.JMeterThread: Thread finished: Caso4 1-51 
2024/12/01 23:06:36 INFO  - jmeter.threads.JMeterThread: Thread started: Caso4 1-52 
2024/12/01 23:06:36 INFO  - jmeter.threads.JMeterThread: Thread is done: Caso4 1-52 
2024/12/01 23:06:36 INFO  - jmeter.threads.JMeterThread: Thread finished: Caso4 1-52 
2024/12/01 23:06:36 INFO  - jmeter.threads.JMeterThread: Thread started: Caso4 1-53 
2024/12/01 23:06:36 INFO  - jmeter.threads.JMeterThread: Thread is done: Caso4 1-53 
2024/12/01 23:06:36 INFO  - jmeter.threads.JMeterThread: Thread finished: Caso4 1-53 
2024/12/01 23:06:36 INFO  - jmeter.threads.JMeterThread: Thread started: Caso4 1-54 
2024/12/01 23:06:36 INFO  - jmeter.threads.JMeterThread: Thread started: Caso4 1-55 
2024/12/01 23:06:36 INFO  - jmeter.threads.JMeterThread: Thread is done: Caso4 1-54 
2024/12/01 23:06:36 INFO  - jmeter.threads.JMeterThread: Thread finished: Caso4 1-54 
2024/12/01 23:06:36 INFO  - jmeter.threads.JMeterThread: Thread is done: Caso4 1-55 
2024/12/01 23:06:36 INFO  - jmeter.threads.JMeterThread: Thread finished: Caso4 1-55 
2024/12/01 23:06:36 INFO  - jmeter.threads.JMeterThread: Thread started: Caso4 1-56 
2024/12/01 23:06:36 INFO  - jmeter.threads.JMeterThread: Thread is done: Caso4 1-56 
2024/12/01 23:06:36 INFO  - jmeter.threads.JMeterThread: Thread finished: Caso4 1-56 
2024/12/01 23:06:36 INFO  - jmeter.threads.JMeterThread: Thread started: Caso4 1-57 
2024/12/01 23:06:36 INFO  - jmeter.threads.JMeterThread: Thread is done: Caso4 1-57 
2024/12/01 23:06:36 INFO  - jmeter.threads.JMeterThread: Thread finished: Caso4 1-57 
2024/12/01 23:06:36 INFO  - jmeter.threads.JMeterThread: Thread started: Caso4 1-58 
2024/12/01 23:06:36 INFO  - jmeter.threads.JMeterThread: Thread is done: Caso4 1-58 
2024/12/01 23:06:36 INFO  - jmeter.threads.JMeterThread: Thread finished: Caso4 1-58 
2024/12/01 23:06:36 INFO  - jmeter.threads.JMeterThread: Thread started: Caso4 1-59 
2024/12/01 23:06:36 INFO  - jmeter.threads.JMeterThread: Thread is done: Caso4 1-59 
2024/12/01 23:06:36 INFO  - jmeter.threads.JMeterThread: Thread finished: Caso4 1-59 
2024/12/01 23:06:36 INFO  - jmeter.threads.JMeterThread: Thread started: Caso4 1-60 
2024/12/01 23:06:36 INFO  - jmeter.threads.JMeterThread: Thread started: Caso4 1-61 
2024/12/01 23:06:36 INFO  - jmeter.threads.JMeterThread: Thread is done: Caso4 1-60 
2024/12/01 23:06:36 INFO  - jmeter.threads.JMeterThread: Thread finished: Caso4 1-60 
2024/12/01 23:06:36 INFO  - jmeter.threads.JMeterThread: Thread is done: Caso4 1-61 
2024/12/01 23:06:36 INFO  - jmeter.threads.JMeterThread: Thread finished: Caso4 1-61 
2024/12/01 23:06:37 INFO  - jmeter.threads.JMeterThread: Thread started: Caso4 1-62 
2024/12/01 23:06:37 INFO  - jmeter.threads.JMeterThread: Thread is done: Caso4 1-62 
2024/12/01 23:06:37 INFO  - jmeter.threads.JMeterThread: Thread finished: Caso4 1-62 
2024/12/01 23:06:37 INFO  - jmeter.threads.JMeterThread: Thread started: Caso4 1-63 
2024/12/01 23:06:37 INFO  - jmeter.threads.JMeterThread: Thread is done: Caso4 1-63 
2024/12/01 23:06:37 INFO  - jmeter.threads.JMeterThread: Thread finished: Caso4 1-63 
2024/12/01 23:06:37 INFO  - jmeter.threads.JMeterThread: Thread started: Caso4 1-64 
2024/12/01 23:06:37 INFO  - jmeter.threads.JMeterThread: Thread is done: Caso4 1-64 
2024/12/01 23:06:37 INFO  - jmeter.threads.JMeterThread: Thread finished: Caso4 1-64 
2024/12/01 23:06:37 INFO  - jmeter.threads.JMeterThread: Thread started: Caso4 1-65 
2024/12/01 23:06:37 INFO  - jmeter.threads.JMeterThread: Thread is done: Caso4 1-65 
2024/12/01 23:06:37 INFO  - jmeter.threads.JMeterThread: Thread finished: Caso4 1-65 
2024/12/01 23:06:37 INFO  - jmeter.threads.JMeterThread: Thread started: Caso4 1-66 
2024/12/01 23:06:37 INFO  - jmeter.threads.JMeterThread: Thread is done: Caso4 1-66 
2024/12/01 23:06:37 INFO  - jmeter.threads.JMeterThread: Thread finished: Caso4 1-66 
2024/12/01 23:06:37 INFO  - jmeter.threads.JMeterThread: Thread started: Caso4 1-67 
2024/12/01 23:06:37 INFO  - jmeter.threads.JMeterThread: Thread is done: Caso4 1-67 
2024/12/01 23:06:37 INFO  - jmeter.threads.JMeterThread: Thread finished: Caso4 1-67 
2024/12/01 23:06:37 INFO  - jmeter.threads.JMeterThread: Thread started: Caso4 1-68 
2024/12/01 23:06:37 INFO  - jmeter.threads.JMeterThread: Thread is done: Caso4 1-68 
2024/12/01 23:06:37 INFO  - jmeter.threads.JMeterThread: Thread finished: Caso4 1-68 
2024/12/01 23:06:37 INFO  - jmeter.threads.JMeterThread: Thread started: Caso4 1-69 
2024/12/01 23:06:37 INFO  - jmeter.threads.JMeterThread: Thread is done: Caso4 1-69 
2024/12/01 23:06:37 INFO  - jmeter.threads.JMeterThread: Thread finished: Caso4 1-69 
2024/12/01 23:06:37 INFO  - jmeter.threads.JMeterThread: Thread started: Caso4 1-70 
2024/12/01 23:06:37 INFO  - jmeter.threads.JMeterThread: Thread is done: Caso4 1-70 
2024/12/01 23:06:37 INFO  - jmeter.threads.JMeterThread: Thread finished: Caso4 1-70 
2024/12/01 23:06:37 INFO  - jmeter.threads.JMeterThread: Thread started: Caso4 1-71 
2024/12/01 23:06:37 INFO  - jmeter.threads.JMeterThread: Thread is done: Caso4 1-71 
2024/12/01 23:06:37 INFO  - jmeter.threads.JMeterThread: Thread finished: Caso4 1-71 
2024/12/01 23:06:37 INFO  - jmeter.threads.JMeterThread: Thread started: Caso4 1-72 
2024/12/01 23:06:37 INFO  - jmeter.threads.JMeterThread: Thread is done: Caso4 1-72 
2024/12/01 23:06:37 INFO  - jmeter.threads.JMeterThread: Thread finished: Caso4 1-72 
2024/12/01 23:06:37 INFO  - jmeter.threads.JMeterThread: Thread started: Caso4 1-73 
2024/12/01 23:06:37 INFO  - jmeter.threads.JMeterThread: Thread is done: Caso4 1-73 
2024/12/01 23:06:37 INFO  - jmeter.threads.JMeterThread: Thread finished: Caso4 1-73 
2024/12/01 23:06:37 INFO  - jmeter.threads.JMeterThread: Thread started: Caso4 1-74 
2024/12/01 23:06:37 INFO  - jmeter.threads.JMeterThread: Thread is done: Caso4 1-74 
2024/12/01 23:06:37 INFO  - jmeter.threads.JMeterThread: Thread finished: Caso4 1-74 
2024/12/01 23:06:37 INFO  - jmeter.threads.JMeterThread: Thread started: Caso4 1-75 
2024/12/01 23:06:37 INFO  - jmeter.threads.JMeterThread: Thread is done: Caso4 1-75 
2024/12/01 23:06:37 INFO  - jmeter.threads.JMeterThread: Thread finished: Caso4 1-75 
2024/12/01 23:06:37 INFO  - jmeter.threads.JMeterThread: Thread started: Caso4 1-76 
2024/12/01 23:06:37 INFO  - jmeter.threads.JMeterThread: Thread is done: Caso4 1-76 
2024/12/01 23:06:37 INFO  - jmeter.threads.JMeterThread: Thread finished: Caso4 1-76 
2024/12/01 23:06:37 INFO  - jmeter.threads.JMeterThread: Thread started: Caso4 1-77 
2024/12/01 23:06:37 INFO  - jmeter.threads.JMeterThread: Thread is done: Caso4 1-77 
2024/12/01 23:06:37 INFO  - jmeter.threads.JMeterThread: Thread finished: Caso4 1-77 
2024/12/01 23:06:37 INFO  - jmeter.threads.JMeterThread: Thread started: Caso4 1-78 
2024/12/01 23:06:37 INFO  - jmeter.threads.JMeterThread: Thread is done: Caso4 1-78 
2024/12/01 23:06:37 INFO  - jmeter.threads.JMeterThread: Thread finished: Caso4 1-78 
2024/12/01 23:06:37 INFO  - jmeter.threads.JMeterThread: Thread started: Caso4 1-79 
2024/12/01 23:06:37 INFO  - jmeter.threads.JMeterThread: Thread is done: Caso4 1-79 
2024/12/01 23:06:37 INFO  - jmeter.threads.JMeterThread: Thread finished: Caso4 1-79 
2024/12/01 23:06:37 INFO  - jmeter.threads.JMeterThread: Thread started: Caso4 1-80 
2024/12/01 23:06:37 INFO  - jmeter.threads.JMeterThread: Thread is done: Caso4 1-80 
2024/12/01 23:06:37 INFO  - jmeter.threads.JMeterThread: Thread finished: Caso4 1-80 
2024/12/01 23:06:37 INFO  - jmeter.threads.JMeterThread: Thread started: Caso4 1-81 
2024/12/01 23:06:37 INFO  - jmeter.threads.JMeterThread: Thread is done: Caso4 1-81 
2024/12/01 23:06:37 INFO  - jmeter.threads.JMeterThread: Thread finished: Caso4 1-81 
2024/12/01 23:06:37 INFO  - jmeter.threads.JMeterThread: Thread started: Caso4 1-82 
2024/12/01 23:06:37 INFO  - jmeter.threads.JMeterThread: Thread is done: Caso4 1-82 
2024/12/01 23:06:37 INFO  - jmeter.threads.JMeterThread: Thread finished: Caso4 1-82 
2024/12/01 23:06:37 INFO  - jmeter.threads.JMeterThread: Thread started: Caso4 1-83 
2024/12/01 23:06:37 INFO  - jmeter.threads.JMeterThread: Thread is done: Caso4 1-83 
2024/12/01 23:06:37 INFO  - jmeter.threads.JMeterThread: Thread finished: Caso4 1-83 
2024/12/01 23:06:37 INFO  - jmeter.threads.JMeterThread: Thread started: Caso4 1-84 
2024/12/01 23:06:37 INFO  - jmeter.threads.JMeterThread: Thread is done: Caso4 1-84 
2024/12/01 23:06:37 INFO  - jmeter.threads.JMeterThread: Thread finished: Caso4 1-84 
2024/12/01 23:06:37 INFO  - jmeter.threads.JMeterThread: Thread started: Caso4 1-85 
2024/12/01 23:06:37 INFO  - jmeter.threads.JMeterThread: Thread is done: Caso4 1-85 
2024/12/01 23:06:37 INFO  - jmeter.threads.JMeterThread: Thread finished: Caso4 1-85 
2024/12/01 23:06:37 INFO  - jmeter.threads.JMeterThread: Thread started: Caso4 1-86 
2024/12/01 23:06:37 INFO  - jmeter.threads.JMeterThread: Thread is done: Caso4 1-86 
2024/12/01 23:06:37 INFO  - jmeter.threads.JMeterThread: Thread finished: Caso4 1-86 
2024/12/01 23:06:37 INFO  - jmeter.threads.JMeterThread: Thread started: Caso4 1-87 
2024/12/01 23:06:37 INFO  - jmeter.threads.JMeterThread: Thread is done: Caso4 1-87 
2024/12/01 23:06:37 INFO  - jmeter.threads.JMeterThread: Thread finished: Caso4 1-87 
2024/12/01 23:06:37 INFO  - jmeter.threads.JMeterThread: Thread started: Caso4 1-88 
2024/12/01 23:06:37 INFO  - jmeter.threads.JMeterThread: Thread is done: Caso4 1-88 
2024/12/01 23:06:37 INFO  - jmeter.threads.JMeterThread: Thread finished: Caso4 1-88 
2024/12/01 23:06:37 INFO  - jmeter.threads.JMeterThread: Thread started: Caso4 1-89 
2024/12/01 23:06:37 INFO  - jmeter.threads.JMeterThread: Thread is done: Caso4 1-89 
2024/12/01 23:06:37 INFO  - jmeter.threads.JMeterThread: Thread finished: Caso4 1-89 
2024/12/01 23:06:37 INFO  - jmeter.threads.JMeterThread: Thread started: Caso4 1-90 
2024/12/01 23:06:37 INFO  - jmeter.threads.JMeterThread: Thread is done: Caso4 1-90 
2024/12/01 23:06:37 INFO  - jmeter.threads.JMeterThread: Thread finished: Caso4 1-90 
2024/12/01 23:06:37 INFO  - jmeter.threads.JMeterThread: Thread started: Caso4 1-91 
2024/12/01 23:06:37 INFO  - jmeter.threads.JMeterThread: Thread is done: Caso4 1-91 
2024/12/01 23:06:37 INFO  - jmeter.threads.JMeterThread: Thread finished: Caso4 1-91 
2024/12/01 23:06:37 INFO  - jmeter.threads.JMeterThread: Thread started: Caso4 1-92 
2024/12/01 23:06:37 INFO  - jmeter.threads.JMeterThread: Thread is done: Caso4 1-92 
2024/12/01 23:06:37 INFO  - jmeter.threads.JMeterThread: Thread finished: Caso4 1-92 
2024/12/01 23:06:37 INFO  - jmeter.threads.JMeterThread: Thread started: Caso4 1-93 
2024/12/01 23:06:37 INFO  - jmeter.threads.JMeterThread: Thread is done: Caso4 1-93 
2024/12/01 23:06:37 INFO  - jmeter.threads.JMeterThread: Thread finished: Caso4 1-93 
2024/12/01 23:06:37 INFO  - jmeter.threads.JMeterThread: Thread started: Caso4 1-94 
2024/12/01 23:06:37 INFO  - jmeter.threads.JMeterThread: Thread is done: Caso4 1-94 
2024/12/01 23:06:37 INFO  - jmeter.threads.JMeterThread: Thread finished: Caso4 1-94 
2024/12/01 23:06:37 INFO  - jmeter.threads.JMeterThread: Thread started: Caso4 1-95 
2024/12/01 23:06:37 INFO  - jmeter.threads.JMeterThread: Thread is done: Caso4 1-95 
2024/12/01 23:06:37 INFO  - jmeter.threads.JMeterThread: Thread finished: Caso4 1-95 
2024/12/01 23:06:37 INFO  - jmeter.threads.JMeterThread: Thread started: Caso4 1-96 
2024/12/01 23:06:37 INFO  - jmeter.threads.JMeterThread: Thread is done: Caso4 1-96 
2024/12/01 23:06:37 INFO  - jmeter.threads.JMeterThread: Thread finished: Caso4 1-96 
2024/12/01 23:06:37 INFO  - jmeter.threads.JMeterThread: Thread started: Caso4 1-97 
2024/12/01 23:06:37 INFO  - jmeter.threads.JMeterThread: Thread is done: Caso4 1-97 
2024/12/01 23:06:37 INFO  - jmeter.threads.JMeterThread: Thread finished: Caso4 1-97 
2024/12/01 23:06:37 INFO  - jmeter.threads.JMeterThread: Thread started: Caso4 1-98 
2024/12/01 23:06:37 INFO  - jmeter.threads.JMeterThread: Thread is done: Caso4 1-98 
2024/12/01 23:06:37 INFO  - jmeter.threads.JMeterThread: Thread finished: Caso4 1-98 
2024/12/01 23:06:37 INFO  - jmeter.threads.JMeterThread: Thread started: Caso4 1-99 
2024/12/01 23:06:37 INFO  - jmeter.threads.JMeterThread: Thread is done: Caso4 1-99 
2024/12/01 23:06:37 INFO  - jmeter.threads.JMeterThread: Thread finished: Caso4 1-99 
2024/12/01 23:06:37 INFO  - jmeter.threads.JMeterThread: Thread started: Caso4 1-100 
2024/12/01 23:06:37 INFO  - jmeter.threads.JMeterThread: Thread is done: Caso4 1-100 
2024/12/01 23:06:37 INFO  - jmeter.threads.JMeterThread: Thread finished: Caso4 1-100 
2024/12/01 23:06:37 INFO  - jmeter.threads.JMeterThread: Thread started: Caso4 1-101 
2024/12/01 23:06:37 INFO  - jmeter.threads.JMeterThread: Thread is done: Caso4 1-101 
2024/12/01 23:06:37 INFO  - jmeter.threads.JMeterThread: Thread finished: Caso4 1-101 
2024/12/01 23:06:37 INFO  - jmeter.threads.JMeterThread: Thread started: Caso4 1-102 
2024/12/01 23:06:37 INFO  - jmeter.threads.JMeterThread: Thread is done: Caso4 1-102 
2024/12/01 23:06:37 INFO  - jmeter.threads.JMeterThread: Thread finished: Caso4 1-102 
2024/12/01 23:06:37 INFO  - jmeter.threads.JMeterThread: Thread started: Caso4 1-103 
2024/12/01 23:06:37 INFO  - jmeter.threads.JMeterThread: Thread is done: Caso4 1-103 
2024/12/01 23:06:37 INFO  - jmeter.threads.JMeterThread: Thread finished: Caso4 1-103 
2024/12/01 23:06:37 INFO  - jmeter.threads.JMeterThread: Thread started: Caso4 1-104 
2024/12/01 23:06:37 INFO  - jmeter.threads.JMeterThread: Thread is done: Caso4 1-104 
2024/12/01 23:06:37 INFO  - jmeter.threads.JMeterThread: Thread finished: Caso4 1-104 
2024/12/01 23:06:37 INFO  - jmeter.threads.JMeterThread: Thread started: Caso4 1-105 
2024/12/01 23:06:37 INFO  - jmeter.threads.JMeterThread: Thread is done: Caso4 1-105 
2024/12/01 23:06:37 INFO  - jmeter.threads.JMeterThread: Thread finished: Caso4 1-105 
2024/12/01 23:06:37 INFO  - jmeter.threads.JMeterThread: Thread started: Caso4 1-106 
2024/12/01 23:06:37 INFO  - jmeter.threads.JMeterThread: Thread is done: Caso4 1-106 
2024/12/01 23:06:37 INFO  - jmeter.threads.JMeterThread: Thread finished: Caso4 1-106 
2024/12/01 23:06:37 INFO  - jmeter.threads.JMeterThread: Thread started: Caso4 1-107 
2024/12/01 23:06:37 INFO  - jmeter.threads.JMeterThread: Thread is done: Caso4 1-107 
2024/12/01 23:06:37 INFO  - jmeter.threads.JMeterThread: Thread finished: Caso4 1-107 
2024/12/01 23:06:37 INFO  - jmeter.threads.JMeterThread: Thread started: Caso4 1-108 
2024/12/01 23:06:37 INFO  - jmeter.threads.JMeterThread: Thread is done: Caso4 1-108 
2024/12/01 23:06:37 INFO  - jmeter.threads.JMeterThread: Thread finished: Caso4 1-108 
2024/12/01 23:06:37 INFO  - jmeter.threads.JMeterThread: Thread started: Caso4 1-109 
2024/12/01 23:06:37 INFO  - jmeter.threads.JMeterThread: Thread started: Caso4 1-110 
2024/12/01 23:06:37 INFO  - jmeter.threads.JMeterThread: Thread is done: Caso4 1-109 
2024/12/01 23:06:37 INFO  - jmeter.threads.JMeterThread: Thread finished: Caso4 1-109 
2024/12/01 23:06:37 INFO  - jmeter.threads.JMeterThread: Thread is done: Caso4 1-110 
2024/12/01 23:06:37 INFO  - jmeter.threads.JMeterThread: Thread finished: Caso4 1-110 
2024/12/01 23:06:37 INFO  - jmeter.threads.JMeterThread: Thread started: Caso4 1-111 
2024/12/01 23:06:37 INFO  - jmeter.threads.JMeterThread: Thread is done: Caso4 1-111 
2024/12/01 23:06:37 INFO  - jmeter.threads.JMeterThread: Thread finished: Caso4 1-111 
2024/12/01 23:06:37 INFO  - jmeter.threads.JMeterThread: Thread started: Caso4 1-112 
2024/12/01 23:06:37 INFO  - jmeter.threads.JMeterThread: Thread is done: Caso4 1-112 
2024/12/01 23:06:37 INFO  - jmeter.threads.JMeterThread: Thread finished: Caso4 1-112 
2024/12/01 23:06:37 INFO  - jmeter.threads.JMeterThread: Thread started: Caso4 1-113 
2024/12/01 23:06:37 INFO  - jmeter.threads.JMeterThread: Thread is done: Caso4 1-113 
2024/12/01 23:06:37 INFO  - jmeter.threads.JMeterThread: Thread finished: Caso4 1-113 
2024/12/01 23:06:37 INFO  - jmeter.threads.JMeterThread: Thread started: Caso4 1-114 
2024/12/01 23:06:37 INFO  - jmeter.threads.JMeterThread: Thread is done: Caso4 1-114 
2024/12/01 23:06:37 INFO  - jmeter.threads.JMeterThread: Thread finished: Caso4 1-114 
2024/12/01 23:06:37 INFO  - jmeter.threads.JMeterThread: Thread started: Caso4 1-115 
2024/12/01 23:06:37 INFO  - jmeter.threads.JMeterThread: Thread is done: Caso4 1-115 
2024/12/01 23:06:37 INFO  - jmeter.threads.JMeterThread: Thread finished: Caso4 1-115 
2024/12/01 23:06:37 INFO  - jmeter.threads.JMeterThread: Thread started: Caso4 1-116 
2024/12/01 23:06:37 INFO  - jmeter.threads.JMeterThread: Thread is done: Caso4 1-116 
2024/12/01 23:06:37 INFO  - jmeter.threads.JMeterThread: Thread finished: Caso4 1-116 
2024/12/01 23:06:37 INFO  - jmeter.threads.JMeterThread: Thread started: Caso4 1-117 
2024/12/01 23:06:37 INFO  - jmeter.threads.JMeterThread: Thread is done: Caso4 1-117 
2024/12/01 23:06:37 INFO  - jmeter.threads.JMeterThread: Thread finished: Caso4 1-117 
2024/12/01 23:06:37 INFO  - jmeter.threads.JMeterThread: Thread started: Caso4 1-118 
2024/12/01 23:06:37 INFO  - jmeter.threads.JMeterThread: Thread started: Caso4 1-119 
2024/12/01 23:06:37 INFO  - jmeter.threads.JMeterThread: Thread is done: Caso4 1-118 
2024/12/01 23:06:37 INFO  - jmeter.threads.JMeterThread: Thread finished: Caso4 1-118 
2024/12/01 23:06:37 INFO  - jmeter.threads.JMeterThread: Thread is done: Caso4 1-119 
2024/12/01 23:06:37 INFO  - jmeter.threads.JMeterThread: Thread finished: Caso4 1-119 
2024/12/01 23:06:37 INFO  - jmeter.threads.JMeterThread: Thread started: Caso4 1-120 
2024/12/01 23:06:37 INFO  - jmeter.threads.JMeterThread: Thread is done: Caso4 1-120 
2024/12/01 23:06:37 INFO  - jmeter.threads.JMeterThread: Thread finished: Caso4 1-120 
2024/12/01 23:06:37 INFO  - jmeter.threads.JMeterThread: Thread started: Caso4 1-121 
2024/12/01 23:06:37 INFO  - jmeter.threads.JMeterThread: Thread is done: Caso4 1-121 
2024/12/01 23:06:37 INFO  - jmeter.threads.JMeterThread: Thread finished: Caso4 1-121 
2024/12/01 23:06:38 INFO  - jmeter.threads.JMeterThread: Thread started: Caso4 1-122 
2024/12/01 23:06:38 INFO  - jmeter.threads.JMeterThread: Thread started: Caso4 1-123 
2024/12/01 23:06:38 INFO  - jmeter.threads.JMeterThread: Thread is done: Caso4 1-122 
2024/12/01 23:06:38 INFO  - jmeter.threads.JMeterThread: Thread finished: Caso4 1-122 
2024/12/01 23:06:38 INFO  - jmeter.threads.JMeterThread: Thread is done: Caso4 1-123 
2024/12/01 23:06:38 INFO  - jmeter.threads.JMeterThread: Thread finished: Caso4 1-123 
2024/12/01 23:06:38 INFO  - jmeter.threads.JMeterThread: Thread started: Caso4 1-124 
2024/12/01 23:06:38 INFO  - jmeter.threads.JMeterThread: Thread is done: Caso4 1-124 
2024/12/01 23:06:38 INFO  - jmeter.threads.JMeterThread: Thread finished: Caso4 1-124 
2024/12/01 23:06:38 INFO  - jmeter.threads.JMeterThread: Thread started: Caso4 1-125 
2024/12/01 23:06:38 INFO  - jmeter.threads.JMeterThread: Thread is done: Caso4 1-125 
2024/12/01 23:06:38 INFO  - jmeter.threads.JMeterThread: Thread finished: Caso4 1-125 
2024/12/01 23:06:38 INFO  - jmeter.threads.JMeterThread: Thread started: Caso4 1-126 
2024/12/01 23:06:38 INFO  - jmeter.threads.JMeterThread: Thread is done: Caso4 1-126 
2024/12/01 23:06:38 INFO  - jmeter.threads.JMeterThread: Thread finished: Caso4 1-126 
2024/12/01 23:06:38 INFO  - jmeter.threads.JMeterThread: Thread started: Caso4 1-127 
2024/12/01 23:06:38 INFO  - jmeter.threads.JMeterThread: Thread is done: Caso4 1-127 
2024/12/01 23:06:38 INFO  - jmeter.threads.JMeterThread: Thread finished: Caso4 1-127 
2024/12/01 23:06:38 INFO  - jmeter.threads.JMeterThread: Thread started: Caso4 1-128 
2024/12/01 23:06:38 INFO  - jmeter.threads.JMeterThread: Thread is done: Caso4 1-128 
2024/12/01 23:06:38 INFO  - jmeter.threads.JMeterThread: Thread finished: Caso4 1-128 
2024/12/01 23:06:38 INFO  - jmeter.threads.JMeterThread: Thread started: Caso4 1-129 
2024/12/01 23:06:38 INFO  - jmeter.threads.JMeterThread: Thread is done: Caso4 1-129 
2024/12/01 23:06:38 INFO  - jmeter.threads.JMeterThread: Thread finished: Caso4 1-129 
2024/12/01 23:06:38 INFO  - jmeter.threads.JMeterThread: Thread started: Caso4 1-130 
2024/12/01 23:06:38 INFO  - jmeter.threads.JMeterThread: Thread is done: Caso4 1-130 
2024/12/01 23:06:38 INFO  - jmeter.threads.JMeterThread: Thread finished: Caso4 1-130 
2024/12/01 23:06:38 INFO  - jmeter.threads.JMeterThread: Thread started: Caso4 1-131 
2024/12/01 23:06:38 INFO  - jmeter.threads.JMeterThread: Thread is done: Caso4 1-131 
2024/12/01 23:06:38 INFO  - jmeter.threads.JMeterThread: Thread finished: Caso4 1-131 
2024/12/01 23:06:38 INFO  - jmeter.threads.JMeterThread: Thread started: Caso4 1-132 
2024/12/01 23:06:38 INFO  - jmeter.threads.JMeterThread: Thread is done: Caso4 1-132 
2024/12/01 23:06:38 INFO  - jmeter.threads.JMeterThread: Thread finished: Caso4 1-132 
2024/12/01 23:06:38 INFO  - jmeter.threads.JMeterThread: Thread started: Caso4 1-133 
2024/12/01 23:06:38 INFO  - jmeter.threads.JMeterThread: Thread is done: Caso4 1-133 
2024/12/01 23:06:38 INFO  - jmeter.threads.JMeterThread: Thread finished: Caso4 1-133 
2024/12/01 23:06:38 INFO  - jmeter.threads.JMeterThread: Thread started: Caso4 1-134 
2024/12/01 23:06:38 INFO  - jmeter.threads.JMeterThread: Thread is done: Caso4 1-134 
2024/12/01 23:06:38 INFO  - jmeter.threads.JMeterThread: Thread finished: Caso4 1-134 
2024/12/01 23:06:38 INFO  - jmeter.threads.JMeterThread: Thread started: Caso4 1-135 
2024/12/01 23:06:38 INFO  - jmeter.threads.JMeterThread: Thread is done: Caso4 1-135 
2024/12/01 23:06:38 INFO  - jmeter.threads.JMeterThread: Thread finished: Caso4 1-135 
2024/12/01 23:06:38 INFO  - jmeter.threads.JMeterThread: Thread started: Caso4 1-136 
2024/12/01 23:06:38 INFO  - jmeter.threads.JMeterThread: Thread is done: Caso4 1-136 
2024/12/01 23:06:38 INFO  - jmeter.threads.JMeterThread: Thread finished: Caso4 1-136 
2024/12/01 23:06:38 INFO  - jmeter.threads.JMeterThread: Thread started: Caso4 1-137 
2024/12/01 23:06:38 INFO  - jmeter.threads.JMeterThread: Thread is done: Caso4 1-137 
2024/12/01 23:06:38 INFO  - jmeter.threads.JMeterThread: Thread finished: Caso4 1-137 
2024/12/01 23:06:38 INFO  - jmeter.threads.JMeterThread: Thread started: Caso4 1-138 
2024/12/01 23:06:38 INFO  - jmeter.threads.JMeterThread: Thread is done: Caso4 1-138 
2024/12/01 23:06:38 INFO  - jmeter.threads.JMeterThread: Thread finished: Caso4 1-138 
2024/12/01 23:06:38 INFO  - jmeter.threads.JMeterThread: Thread started: Caso4 1-139 
2024/12/01 23:06:38 INFO  - jmeter.threads.JMeterThread: Thread is done: Caso4 1-139 
2024/12/01 23:06:38 INFO  - jmeter.threads.JMeterThread: Thread finished: Caso4 1-139 
2024/12/01 23:06:38 INFO  - jmeter.threads.JMeterThread: Thread started: Caso4 1-140 
2024/12/01 23:06:38 INFO  - jmeter.threads.JMeterThread: Thread is done: Caso4 1-140 
2024/12/01 23:06:38 INFO  - jmeter.threads.JMeterThread: Thread finished: Caso4 1-140 
2024/12/01 23:06:38 INFO  - jmeter.threads.JMeterThread: Thread started: Caso4 1-141 
2024/12/01 23:06:38 INFO  - jmeter.threads.JMeterThread: Thread is done: Caso4 1-141 
2024/12/01 23:06:38 INFO  - jmeter.threads.JMeterThread: Thread finished: Caso4 1-141 
2024/12/01 23:06:38 INFO  - jmeter.threads.JMeterThread: Thread started: Caso4 1-142 
2024/12/01 23:06:38 INFO  - jmeter.threads.JMeterThread: Thread is done: Caso4 1-142 
2024/12/01 23:06:38 INFO  - jmeter.threads.JMeterThread: Thread finished: Caso4 1-142 
2024/12/01 23:06:38 INFO  - jmeter.threads.JMeterThread: Thread started: Caso4 1-143 
2024/12/01 23:06:38 INFO  - jmeter.threads.JMeterThread: Thread is done: Caso4 1-143 
2024/12/01 23:06:38 INFO  - jmeter.threads.JMeterThread: Thread finished: Caso4 1-143 
2024/12/01 23:06:38 INFO  - jmeter.threads.JMeterThread: Thread started: Caso4 1-144 
2024/12/01 23:06:38 INFO  - jmeter.threads.JMeterThread: Thread is done: Caso4 1-144 
2024/12/01 23:06:38 INFO  - jmeter.threads.JMeterThread: Thread finished: Caso4 1-144 
2024/12/01 23:06:38 INFO  - jmeter.threads.JMeterThread: Thread started: Caso4 1-145 
2024/12/01 23:06:38 INFO  - jmeter.threads.JMeterThread: Thread is done: Caso4 1-145 
2024/12/01 23:06:38 INFO  - jmeter.threads.JMeterThread: Thread finished: Caso4 1-145 
2024/12/01 23:06:38 INFO  - jmeter.threads.JMeterThread: Thread started: Caso4 1-146 
2024/12/01 23:06:38 INFO  - jmeter.threads.JMeterThread: Thread is done: Caso4 1-146 
2024/12/01 23:06:38 INFO  - jmeter.threads.JMeterThread: Thread finished: Caso4 1-146 
2024/12/01 23:06:38 INFO  - jmeter.threads.JMeterThread: Thread started: Caso4 1-147 
2024/12/01 23:06:38 INFO  - jmeter.threads.JMeterThread: Thread is done: Caso4 1-147 
2024/12/01 23:06:38 INFO  - jmeter.threads.JMeterThread: Thread finished: Caso4 1-147 
2024/12/01 23:06:38 INFO  - jmeter.threads.JMeterThread: Thread started: Caso4 1-148 
2024/12/01 23:06:38 INFO  - jmeter.threads.JMeterThread: Thread started: Caso4 1-149 
2024/12/01 23:06:38 INFO  - jmeter.threads.JMeterThread: Thread is done: Caso4 1-148 
2024/12/01 23:06:38 INFO  - jmeter.threads.JMeterThread: Thread finished: Caso4 1-148 
2024/12/01 23:06:38 INFO  - jmeter.threads.JMeterThread: Thread started: Caso4 1-150 
2024/12/01 23:06:38 INFO  - jmeter.threads.JMeterThread: Thread is done: Caso4 1-149 
2024/12/01 23:06:38 INFO  - jmeter.threads.JMeterThread: Thread finished: Caso4 1-149 
2024/12/01 23:06:38 INFO  - jmeter.threads.JMeterThread: Thread is done: Caso4 1-150 
2024/12/01 23:06:38 INFO  - jmeter.threads.JMeterThread: Thread finished: Caso4 1-150 
2024/12/01 23:06:38 INFO  - jmeter.threads.JMeterThread: Thread started: Caso4 1-151 
2024/12/01 23:06:38 INFO  - jmeter.threads.JMeterThread: Thread is done: Caso4 1-151 
2024/12/01 23:06:38 INFO  - jmeter.threads.JMeterThread: Thread finished: Caso4 1-151 
2024/12/01 23:06:38 INFO  - jmeter.threads.JMeterThread: Thread started: Caso4 1-152 
2024/12/01 23:06:38 INFO  - jmeter.threads.JMeterThread: Thread is done: Caso4 1-152 
2024/12/01 23:06:38 INFO  - jmeter.threads.JMeterThread: Thread finished: Caso4 1-152 
2024/12/01 23:06:38 INFO  - jmeter.threads.JMeterThread: Thread started: Caso4 1-153 
2024/12/01 23:06:38 INFO  - jmeter.threads.JMeterThread: Thread is done: Caso4 1-153 
2024/12/01 23:06:38 INFO  - jmeter.threads.JMeterThread: Thread finished: Caso4 1-153 
2024/12/01 23:06:38 INFO  - jmeter.threads.JMeterThread: Thread started: Caso4 1-154 
2024/12/01 23:06:38 INFO  - jmeter.threads.JMeterThread: Thread is done: Caso4 1-154 
2024/12/01 23:06:38 INFO  - jmeter.threads.JMeterThread: Thread finished: Caso4 1-154 
2024/12/01 23:06:38 INFO  - jmeter.threads.JMeterThread: Thread started: Caso4 1-155 
2024/12/01 23:06:38 INFO  - jmeter.threads.JMeterThread: Thread is done: Caso4 1-155 
2024/12/01 23:06:38 INFO  - jmeter.threads.JMeterThread: Thread finished: Caso4 1-155 
2024/12/01 23:06:38 INFO  - jmeter.threads.JMeterThread: Thread started: Caso4 1-156 
2024/12/01 23:06:38 INFO  - jmeter.threads.JMeterThread: Thread is done: Caso4 1-156 
2024/12/01 23:06:38 INFO  - jmeter.threads.JMeterThread: Thread finished: Caso4 1-156 
2024/12/01 23:06:38 INFO  - jmeter.threads.JMeterThread: Thread started: Caso4 1-157 
2024/12/01 23:06:38 INFO  - jmeter.threads.JMeterThread: Thread is done: Caso4 1-157 
2024/12/01 23:06:38 INFO  - jmeter.threads.JMeterThread: Thread finished: Caso4 1-157 
2024/12/01 23:06:38 INFO  - jmeter.threads.JMeterThread: Thread started: Caso4 1-158 
2024/12/01 23:06:38 INFO  - jmeter.threads.JMeterThread: Thread is done: Caso4 1-158 
2024/12/01 23:06:38 INFO  - jmeter.threads.JMeterThread: Thread finished: Caso4 1-158 
2024/12/01 23:06:38 INFO  - jmeter.threads.JMeterThread: Thread started: Caso4 1-159 
2024/12/01 23:06:38 INFO  - jmeter.threads.JMeterThread: Thread is done: Caso4 1-159 
2024/12/01 23:06:38 INFO  - jmeter.threads.JMeterThread: Thread finished: Caso4 1-159 
2024/12/01 23:06:38 INFO  - jmeter.threads.JMeterThread: Thread started: Caso4 1-160 
2024/12/01 23:06:38 INFO  - jmeter.threads.JMeterThread: Thread is done: Caso4 1-160 
2024/12/01 23:06:38 INFO  - jmeter.threads.JMeterThread: Thread finished: Caso4 1-160 
2024/12/01 23:06:38 INFO  - jmeter.threads.JMeterThread: Thread started: Caso4 1-161 
2024/12/01 23:06:38 INFO  - jmeter.threads.JMeterThread: Thread is done: Caso4 1-161 
2024/12/01 23:06:38 INFO  - jmeter.threads.JMeterThread: Thread finished: Caso4 1-161 
2024/12/01 23:06:38 INFO  - jmeter.threads.JMeterThread: Thread started: Caso4 1-162 
2024/12/01 23:06:38 INFO  - jmeter.threads.JMeterThread: Thread is done: Caso4 1-162 
2024/12/01 23:06:38 INFO  - jmeter.threads.JMeterThread: Thread finished: Caso4 1-162 
2024/12/01 23:06:38 INFO  - jmeter.threads.JMeterThread: Thread started: Caso4 1-163 
2024/12/01 23:06:38 INFO  - jmeter.threads.JMeterThread: Thread is done: Caso4 1-163 
2024/12/01 23:06:38 INFO  - jmeter.threads.JMeterThread: Thread finished: Caso4 1-163 
2024/12/01 23:06:38 INFO  - jmeter.threads.JMeterThread: Thread started: Caso4 1-164 
2024/12/01 23:06:38 INFO  - jmeter.threads.JMeterThread: Thread is done: Caso4 1-164 
2024/12/01 23:06:38 INFO  - jmeter.threads.JMeterThread: Thread finished: Caso4 1-164 
2024/12/01 23:06:38 INFO  - jmeter.threads.JMeterThread: Thread started: Caso4 1-165 
2024/12/01 23:06:38 INFO  - jmeter.threads.JMeterThread: Thread started: Caso4 1-166 
2024/12/01 23:06:38 INFO  - jmeter.threads.JMeterThread: Thread is done: Caso4 1-165 
2024/12/01 23:06:38 INFO  - jmeter.threads.JMeterThread: Thread finished: Caso4 1-165 
2024/12/01 23:06:38 INFO  - jmeter.threads.JMeterThread: Thread started: Caso4 1-167 
2024/12/01 23:06:38 INFO  - jmeter.threads.JMeterThread: Thread is done: Caso4 1-166 
2024/12/01 23:06:38 INFO  - jmeter.threads.JMeterThread: Thread finished: Caso4 1-166 
2024/12/01 23:06:38 INFO  - jmeter.threads.JMeterThread: Thread is done: Caso4 1-167 
2024/12/01 23:06:38 INFO  - jmeter.threads.JMeterThread: Thread finished: Caso4 1-167 
2024/12/01 23:06:38 INFO  - jmeter.threads.JMeterThread: Thread started: Caso4 1-168 
2024/12/01 23:06:38 INFO  - jmeter.threads.JMeterThread: Thread is done: Caso4 1-168 
2024/12/01 23:06:38 INFO  - jmeter.threads.JMeterThread: Thread finished: Caso4 1-168 
2024/12/01 23:06:38 INFO  - jmeter.threads.JMeterThread: Thread started: Caso4 1-169 
2024/12/01 23:06:38 INFO  - jmeter.threads.JMeterThread: Thread is done: Caso4 1-169 
2024/12/01 23:06:38 INFO  - jmeter.threads.JMeterThread: Thread finished: Caso4 1-169 
2024/12/01 23:06:38 INFO  - jmeter.threads.JMeterThread: Thread started: Caso4 1-170 
2024/12/01 23:06:38 INFO  - jmeter.threads.JMeterThread: Thread is done: Caso4 1-170 
2024/12/01 23:06:38 INFO  - jmeter.threads.JMeterThread: Thread finished: Caso4 1-170 
2024/12/01 23:06:38 INFO  - jmeter.threads.JMeterThread: Thread started: Caso4 1-171 
2024/12/01 23:06:38 INFO  - jmeter.threads.JMeterThread: Thread is done: Caso4 1-171 
2024/12/01 23:06:38 INFO  - jmeter.threads.JMeterThread: Thread finished: Caso4 1-171 
2024/12/01 23:06:38 INFO  - jmeter.threads.JMeterThread: Thread started: Caso4 1-172 
2024/12/01 23:06:38 INFO  - jmeter.threads.JMeterThread: Thread is done: Caso4 1-172 
2024/12/01 23:06:38 INFO  - jmeter.threads.JMeterThread: Thread finished: Caso4 1-172 
2024/12/01 23:06:38 INFO  - jmeter.threads.JMeterThread: Thread started: Caso4 1-173 
2024/12/01 23:06:38 INFO  - jmeter.threads.JMeterThread: Thread is done: Caso4 1-173 
2024/12/01 23:06:38 INFO  - jmeter.threads.JMeterThread: Thread finished: Caso4 1-173 
2024/12/01 23:06:38 INFO  - jmeter.threads.JMeterThread: Thread started: Caso4 1-174 
2024/12/01 23:06:38 INFO  - jmeter.threads.JMeterThread: Thread is done: Caso4 1-174 
2024/12/01 23:06:38 INFO  - jmeter.threads.JMeterThread: Thread finished: Caso4 1-174 
2024/12/01 23:06:38 INFO  - jmeter.threads.JMeterThread: Thread started: Caso4 1-175 
2024/12/01 23:06:38 INFO  - jmeter.threads.JMeterThread: Thread is done: Caso4 1-175 
2024/12/01 23:06:38 INFO  - jmeter.threads.JMeterThread: Thread finished: Caso4 1-175 
2024/12/01 23:06:38 INFO  - jmeter.threads.JMeterThread: Thread started: Caso4 1-176 
2024/12/01 23:06:38 INFO  - jmeter.threads.JMeterThread: Thread is done: Caso4 1-176 
2024/12/01 23:06:38 INFO  - jmeter.threads.JMeterThread: Thread finished: Caso4 1-176 
2024/12/01 23:06:38 INFO  - jmeter.threads.JMeterThread: Thread started: Caso4 1-177 
2024/12/01 23:06:38 INFO  - jmeter.threads.JMeterThread: Thread is done: Caso4 1-177 
2024/12/01 23:06:38 INFO  - jmeter.threads.JMeterThread: Thread finished: Caso4 1-177 
2024/12/01 23:06:38 INFO  - jmeter.threads.JMeterThread: Thread started: Caso4 1-178 
2024/12/01 23:06:38 INFO  - jmeter.threads.JMeterThread: Thread is done: Caso4 1-178 
2024/12/01 23:06:38 INFO  - jmeter.threads.JMeterThread: Thread finished: Caso4 1-178 
2024/12/01 23:06:38 INFO  - jmeter.threads.JMeterThread: Thread started: Caso4 1-179 
2024/12/01 23:06:39 INFO  - jmeter.threads.JMeterThread: Thread is done: Caso4 1-179 
2024/12/01 23:06:39 INFO  - jmeter.threads.JMeterThread: Thread finished: Caso4 1-179 
2024/12/01 23:06:39 INFO  - jmeter.threads.JMeterThread: Thread started: Caso4 1-180 
2024/12/01 23:06:39 INFO  - jmeter.threads.JMeterThread: Thread is done: Caso4 1-180 
2024/12/01 23:06:39 INFO  - jmeter.threads.JMeterThread: Thread finished: Caso4 1-180 
2024/12/01 23:06:39 INFO  - jmeter.threads.JMeterThread: Thread started: Caso4 1-181 
2024/12/01 23:06:39 INFO  - jmeter.threads.JMeterThread: Thread is done: Caso4 1-181 
2024/12/01 23:06:39 INFO  - jmeter.threads.JMeterThread: Thread finished: Caso4 1-181 
2024/12/01 23:06:39 INFO  - jmeter.threads.JMeterThread: Thread started: Caso4 1-182 
2024/12/01 23:06:39 INFO  - jmeter.threads.JMeterThread: Thread is done: Caso4 1-182 
2024/12/01 23:06:39 INFO  - jmeter.threads.JMeterThread: Thread finished: Caso4 1-182 
2024/12/01 23:06:39 INFO  - jmeter.threads.JMeterThread: Thread started: Caso4 1-183 
2024/12/01 23:06:39 INFO  - jmeter.threads.JMeterThread: Thread is done: Caso4 1-183 
2024/12/01 23:06:39 INFO  - jmeter.threads.JMeterThread: Thread finished: Caso4 1-183 
2024/12/01 23:06:39 INFO  - jmeter.threads.JMeterThread: Thread started: Caso4 1-184 
2024/12/01 23:06:39 INFO  - jmeter.threads.JMeterThread: Thread is done: Caso4 1-184 
2024/12/01 23:06:39 INFO  - jmeter.threads.JMeterThread: Thread finished: Caso4 1-184 
2024/12/01 23:06:39 INFO  - jmeter.threads.JMeterThread: Thread started: Caso4 1-185 
2024/12/01 23:06:39 INFO  - jmeter.threads.JMeterThread: Thread is done: Caso4 1-185 
2024/12/01 23:06:39 INFO  - jmeter.threads.JMeterThread: Thread finished: Caso4 1-185 
2024/12/01 23:06:39 INFO  - jmeter.threads.JMeterThread: Thread started: Caso4 1-186 
2024/12/01 23:06:39 INFO  - jmeter.threads.JMeterThread: Thread is done: Caso4 1-186 
2024/12/01 23:06:39 INFO  - jmeter.threads.JMeterThread: Thread finished: Caso4 1-186 
2024/12/01 23:06:39 INFO  - jmeter.threads.JMeterThread: Thread started: Caso4 1-187 
2024/12/01 23:06:39 INFO  - jmeter.threads.JMeterThread: Thread is done: Caso4 1-187 
2024/12/01 23:06:39 INFO  - jmeter.threads.JMeterThread: Thread finished: Caso4 1-187 
2024/12/01 23:06:39 INFO  - jmeter.threads.JMeterThread: Thread started: Caso4 1-188 
2024/12/01 23:06:39 INFO  - jmeter.threads.JMeterThread: Thread is done: Caso4 1-188 
2024/12/01 23:06:39 INFO  - jmeter.threads.JMeterThread: Thread finished: Caso4 1-188 
2024/12/01 23:06:39 INFO  - jmeter.threads.JMeterThread: Thread started: Caso4 1-189 
2024/12/01 23:06:39 INFO  - jmeter.threads.JMeterThread: Thread is done: Caso4 1-189 
2024/12/01 23:06:39 INFO  - jmeter.threads.JMeterThread: Thread finished: Caso4 1-189 
2024/12/01 23:06:39 INFO  - jmeter.threads.JMeterThread: Thread started: Caso4 1-190 
2024/12/01 23:06:39 INFO  - jmeter.threads.JMeterThread: Thread is done: Caso4 1-190 
2024/12/01 23:06:39 INFO  - jmeter.threads.JMeterThread: Thread finished: Caso4 1-190 
2024/12/01 23:06:39 INFO  - jmeter.threads.JMeterThread: Thread started: Caso4 1-191 
2024/12/01 23:06:39 INFO  - jmeter.threads.JMeterThread: Thread is done: Caso4 1-191 
2024/12/01 23:06:39 INFO  - jmeter.threads.JMeterThread: Thread finished: Caso4 1-191 
2024/12/01 23:06:39 INFO  - jmeter.threads.JMeterThread: Thread started: Caso4 1-192 
2024/12/01 23:06:39 INFO  - jmeter.threads.JMeterThread: Thread is done: Caso4 1-192 
2024/12/01 23:06:39 INFO  - jmeter.threads.JMeterThread: Thread finished: Caso4 1-192 
2024/12/01 23:06:39 INFO  - jmeter.threads.JMeterThread: Thread started: Caso4 1-194 
2024/12/01 23:06:39 INFO  - jmeter.threads.JMeterThread: Thread started: Caso4 1-193 
2024/12/01 23:06:39 INFO  - jmeter.threads.JMeterThread: Thread is done: Caso4 1-194 
2024/12/01 23:06:39 INFO  - jmeter.threads.JMeterThread: Thread finished: Caso4 1-194 
2024/12/01 23:06:39 INFO  - jmeter.threads.JMeterThread: Thread started: Caso4 1-195 
2024/12/01 23:06:39 INFO  - jmeter.threads.JMeterThread: Thread is done: Caso4 1-193 
2024/12/01 23:06:39 INFO  - jmeter.threads.JMeterThread: Thread finished: Caso4 1-193 
2024/12/01 23:06:39 INFO  - jmeter.threads.JMeterThread: Thread is done: Caso4 1-195 
2024/12/01 23:06:39 INFO  - jmeter.threads.JMeterThread: Thread finished: Caso4 1-195 
2024/12/01 23:06:39 INFO  - jmeter.threads.JMeterThread: Thread started: Caso4 1-196 
2024/12/01 23:06:39 INFO  - jmeter.threads.JMeterThread: Thread is done: Caso4 1-196 
2024/12/01 23:06:39 INFO  - jmeter.threads.JMeterThread: Thread finished: Caso4 1-196 
2024/12/01 23:06:39 INFO  - jmeter.threads.JMeterThread: Thread started: Caso4 1-197 
2024/12/01 23:06:39 INFO  - jmeter.threads.JMeterThread: Thread is done: Caso4 1-197 
2024/12/01 23:06:39 INFO  - jmeter.threads.JMeterThread: Thread finished: Caso4 1-197 
2024/12/01 23:06:39 INFO  - jmeter.threads.JMeterThread: Thread started: Caso4 1-198 
2024/12/01 23:06:39 INFO  - jmeter.threads.JMeterThread: Thread is done: Caso4 1-198 
2024/12/01 23:06:39 INFO  - jmeter.threads.JMeterThread: Thread finished: Caso4 1-198 
2024/12/01 23:06:39 INFO  - jmeter.threads.JMeterThread: Thread started: Caso4 1-199 
2024/12/01 23:06:39 INFO  - jmeter.threads.JMeterThread: Thread is done: Caso4 1-199 
2024/12/01 23:06:39 INFO  - jmeter.threads.JMeterThread: Thread finished: Caso4 1-199 
2024/12/01 23:06:39 INFO  - jmeter.threads.JMeterThread: Thread started: Caso4 1-200 
2024/12/01 23:06:39 INFO  - jmeter.threads.JMeterThread: Thread is done: Caso4 1-200 
2024/12/01 23:06:39 INFO  - jmeter.threads.JMeterThread: Thread finished: Caso4 1-200 
2024/12/01 23:06:39 INFO  - jmeter.threads.JMeterThread: Thread started: Caso4 1-201 
2024/12/01 23:06:39 INFO  - jmeter.threads.JMeterThread: Thread is done: Caso4 1-201 
2024/12/01 23:06:39 INFO  - jmeter.threads.JMeterThread: Thread finished: Caso4 1-201 
2024/12/01 23:06:39 INFO  - jmeter.threads.JMeterThread: Thread started: Caso4 1-202 
2024/12/01 23:06:39 INFO  - jmeter.threads.JMeterThread: Thread is done: Caso4 1-202 
2024/12/01 23:06:39 INFO  - jmeter.threads.JMeterThread: Thread finished: Caso4 1-202 
2024/12/01 23:06:39 INFO  - jmeter.threads.JMeterThread: Thread started: Caso4 1-203 
2024/12/01 23:06:39 INFO  - jmeter.threads.JMeterThread: Thread is done: Caso4 1-203 
2024/12/01 23:06:39 INFO  - jmeter.threads.JMeterThread: Thread finished: Caso4 1-203 
2024/12/01 23:06:39 INFO  - jmeter.threads.JMeterThread: Thread started: Caso4 1-204 
2024/12/01 23:06:39 INFO  - jmeter.threads.JMeterThread: Thread is done: Caso4 1-204 
2024/12/01 23:06:39 INFO  - jmeter.threads.JMeterThread: Thread finished: Caso4 1-204 
2024/12/01 23:06:39 INFO  - jmeter.threads.JMeterThread: Thread started: Caso4 1-205 
2024/12/01 23:06:39 INFO  - jmeter.threads.JMeterThread: Thread is done: Caso4 1-205 
2024/12/01 23:06:39 INFO  - jmeter.threads.JMeterThread: Thread finished: Caso4 1-205 
2024/12/01 23:06:39 INFO  - jmeter.threads.JMeterThread: Thread started: Caso4 1-206 
2024/12/01 23:06:39 INFO  - jmeter.threads.JMeterThread: Thread is done: Caso4 1-206 
2024/12/01 23:06:39 INFO  - jmeter.threads.JMeterThread: Thread finished: Caso4 1-206 
2024/12/01 23:06:39 INFO  - jmeter.threads.JMeterThread: Thread started: Caso4 1-207 
2024/12/01 23:06:39 INFO  - jmeter.threads.JMeterThread: Thread is done: Caso4 1-207 
2024/12/01 23:06:39 INFO  - jmeter.threads.JMeterThread: Thread finished: Caso4 1-207 
2024/12/01 23:06:39 INFO  - jmeter.threads.JMeterThread: Thread started: Caso4 1-208 
2024/12/01 23:06:39 INFO  - jmeter.threads.JMeterThread: Thread is done: Caso4 1-208 
2024/12/01 23:06:39 INFO  - jmeter.threads.JMeterThread: Thread finished: Caso4 1-208 
2024/12/01 23:06:39 INFO  - jmeter.threads.JMeterThread: Thread started: Caso4 1-209 
2024/12/01 23:06:39 INFO  - jmeter.threads.JMeterThread: Thread is done: Caso4 1-209 
2024/12/01 23:06:39 INFO  - jmeter.threads.JMeterThread: Thread finished: Caso4 1-209 
2024/12/01 23:06:39 INFO  - jmeter.threads.JMeterThread: Thread started: Caso4 1-210 
2024/12/01 23:06:39 INFO  - jmeter.threads.JMeterThread: Thread is done: Caso4 1-210 
2024/12/01 23:06:39 INFO  - jmeter.threads.JMeterThread: Thread finished: Caso4 1-210 
2024/12/01 23:06:39 INFO  - jmeter.threads.JMeterThread: Thread started: Caso4 1-211 
2024/12/01 23:06:39 INFO  - jmeter.threads.JMeterThread: Thread is done: Caso4 1-211 
2024/12/01 23:06:39 INFO  - jmeter.threads.JMeterThread: Thread finished: Caso4 1-211 
2024/12/01 23:06:39 INFO  - jmeter.threads.JMeterThread: Thread started: Caso4 1-212 
2024/12/01 23:06:39 INFO  - jmeter.threads.JMeterThread: Thread is done: Caso4 1-212 
2024/12/01 23:06:39 INFO  - jmeter.threads.JMeterThread: Thread finished: Caso4 1-212 
2024/12/01 23:06:39 INFO  - jmeter.threads.JMeterThread: Thread started: Caso4 1-213 
2024/12/01 23:06:39 INFO  - jmeter.threads.JMeterThread: Thread is done: Caso4 1-213 
2024/12/01 23:06:39 INFO  - jmeter.threads.JMeterThread: Thread finished: Caso4 1-213 
2024/12/01 23:06:39 INFO  - jmeter.threads.JMeterThread: Thread started: Caso4 1-214 
2024/12/01 23:06:39 INFO  - jmeter.threads.JMeterThread: Thread is done: Caso4 1-214 
2024/12/01 23:06:39 INFO  - jmeter.threads.JMeterThread: Thread finished: Caso4 1-214 
2024/12/01 23:06:39 INFO  - jmeter.threads.JMeterThread: Thread started: Caso4 1-215 
2024/12/01 23:06:39 INFO  - jmeter.threads.JMeterThread: Thread is done: Caso4 1-215 
2024/12/01 23:06:39 INFO  - jmeter.threads.JMeterThread: Thread finished: Caso4 1-215 
2024/12/01 23:06:39 INFO  - jmeter.threads.JMeterThread: Thread started: Caso4 1-216 
2024/12/01 23:06:39 INFO  - jmeter.threads.JMeterThread: Thread is done: Caso4 1-216 
2024/12/01 23:06:39 INFO  - jmeter.threads.JMeterThread: Thread finished: Caso4 1-216 
2024/12/01 23:06:39 INFO  - jmeter.threads.JMeterThread: Thread started: Caso4 1-217 
2024/12/01 23:06:39 INFO  - jmeter.threads.JMeterThread: Thread is done: Caso4 1-217 
2024/12/01 23:06:39 INFO  - jmeter.threads.JMeterThread: Thread finished: Caso4 1-217 
2024/12/01 23:06:39 INFO  - jmeter.threads.JMeterThread: Thread started: Caso4 1-218 
2024/12/01 23:06:39 INFO  - jmeter.threads.JMeterThread: Thread is done: Caso4 1-218 
2024/12/01 23:06:39 INFO  - jmeter.threads.JMeterThread: Thread finished: Caso4 1-218 
2024/12/01 23:06:39 INFO  - jmeter.threads.JMeterThread: Thread started: Caso4 1-219 
2024/12/01 23:06:39 INFO  - jmeter.threads.JMeterThread: Thread started: Caso4 1-220 
2024/12/01 23:06:39 INFO  - jmeter.threads.JMeterThread: Thread is done: Caso4 1-219 
2024/12/01 23:06:39 INFO  - jmeter.threads.JMeterThread: Thread finished: Caso4 1-219 
2024/12/01 23:06:39 INFO  - jmeter.threads.JMeterThread: Thread is done: Caso4 1-220 
2024/12/01 23:06:39 INFO  - jmeter.threads.JMeterThread: Thread finished: Caso4 1-220 
2024/12/01 23:06:39 INFO  - jmeter.threads.JMeterThread: Thread started: Caso4 1-221 
2024/12/01 23:06:39 INFO  - jmeter.threads.JMeterThread: Thread is done: Caso4 1-221 
2024/12/01 23:06:39 INFO  - jmeter.threads.JMeterThread: Thread finished: Caso4 1-221 
2024/12/01 23:06:39 INFO  - jmeter.threads.JMeterThread: Thread started: Caso4 1-222 
2024/12/01 23:06:39 INFO  - jmeter.threads.JMeterThread: Thread is done: Caso4 1-222 
2024/12/01 23:06:39 INFO  - jmeter.threads.JMeterThread: Thread finished: Caso4 1-222 
2024/12/01 23:06:39 INFO  - jmeter.threads.JMeterThread: Thread started: Caso4 1-223 
2024/12/01 23:06:39 INFO  - jmeter.threads.JMeterThread: Thread is done: Caso4 1-223 
2024/12/01 23:06:39 INFO  - jmeter.threads.JMeterThread: Thread finished: Caso4 1-223 
2024/12/01 23:06:39 INFO  - jmeter.threads.JMeterThread: Thread started: Caso4 1-224 
2024/12/01 23:06:39 INFO  - jmeter.threads.JMeterThread: Thread is done: Caso4 1-224 
2024/12/01 23:06:39 INFO  - jmeter.threads.JMeterThread: Thread finished: Caso4 1-224 
2024/12/01 23:06:39 INFO  - jmeter.threads.JMeterThread: Thread started: Caso4 1-225 
2024/12/01 23:06:39 INFO  - jmeter.threads.JMeterThread: Thread is done: Caso4 1-225 
2024/12/01 23:06:39 INFO  - jmeter.threads.JMeterThread: Thread finished: Caso4 1-225 
2024/12/01 23:06:39 INFO  - jmeter.threads.JMeterThread: Thread started: Caso4 1-226 
2024/12/01 23:06:39 INFO  - jmeter.threads.JMeterThread: Thread is done: Caso4 1-226 
2024/12/01 23:06:39 INFO  - jmeter.threads.JMeterThread: Thread finished: Caso4 1-226 
2024/12/01 23:06:39 INFO  - jmeter.threads.JMeterThread: Thread started: Caso4 1-227 
2024/12/01 23:06:39 INFO  - jmeter.threads.JMeterThread: Thread is done: Caso4 1-227 
2024/12/01 23:06:39 INFO  - jmeter.threads.JMeterThread: Thread finished: Caso4 1-227 
2024/12/01 23:06:39 INFO  - jmeter.threads.JMeterThread: Thread started: Caso4 1-228 
2024/12/01 23:06:39 INFO  - jmeter.threads.JMeterThread: Thread is done: Caso4 1-228 
2024/12/01 23:06:39 INFO  - jmeter.threads.JMeterThread: Thread finished: Caso4 1-228 
2024/12/01 23:06:39 INFO  - jmeter.threads.JMeterThread: Thread started: Caso4 1-229 
2024/12/01 23:06:39 INFO  - jmeter.threads.JMeterThread: Thread is done: Caso4 1-229 
2024/12/01 23:06:39 INFO  - jmeter.threads.JMeterThread: Thread finished: Caso4 1-229 
2024/12/01 23:06:39 INFO  - jmeter.threads.JMeterThread: Thread started: Caso4 1-230 
2024/12/01 23:06:39 INFO  - jmeter.threads.JMeterThread: Thread is done: Caso4 1-230 
2024/12/01 23:06:39 INFO  - jmeter.threads.JMeterThread: Thread finished: Caso4 1-230 
2024/12/01 23:06:39 INFO  - jmeter.threads.JMeterThread: Thread started: Caso4 1-231 
2024/12/01 23:06:39 INFO  - jmeter.threads.JMeterThread: Thread is done: Caso4 1-231 
2024/12/01 23:06:39 INFO  - jmeter.threads.JMeterThread: Thread finished: Caso4 1-231 
2024/12/01 23:06:39 INFO  - jmeter.threads.JMeterThread: Thread started: Caso4 1-232 
2024/12/01 23:06:39 INFO  - jmeter.threads.JMeterThread: Thread is done: Caso4 1-232 
2024/12/01 23:06:39 INFO  - jmeter.threads.JMeterThread: Thread finished: Caso4 1-232 
2024/12/01 23:06:39 INFO  - jmeter.threads.JMeterThread: Thread started: Caso4 1-233 
2024/12/01 23:06:39 INFO  - jmeter.threads.JMeterThread: Thread is done: Caso4 1-233 
2024/12/01 23:06:39 INFO  - jmeter.threads.JMeterThread: Thread finished: Caso4 1-233 
2024/12/01 23:06:39 INFO  - jmeter.threads.JMeterThread: Thread started: Caso4 1-234 
2024/12/01 23:06:39 INFO  - jmeter.threads.JMeterThread: Thread is done: Caso4 1-234 
2024/12/01 23:06:39 INFO  - jmeter.threads.JMeterThread: Thread finished: Caso4 1-234 
2024/12/01 23:06:39 INFO  - jmeter.threads.JMeterThread: Thread started: Caso4 1-235 
2024/12/01 23:06:39 INFO  - jmeter.threads.JMeterThread: Thread is done: Caso4 1-235 
2024/12/01 23:06:39 INFO  - jmeter.threads.JMeterThread: Thread finished: Caso4 1-235 
2024/12/01 23:06:39 INFO  - jmeter.threads.JMeterThread: Thread started: Caso4 1-236 
2024/12/01 23:06:39 INFO  - jmeter.threads.JMeterThread: Thread is done: Caso4 1-236 
2024/12/01 23:06:39 INFO  - jmeter.threads.JMeterThread: Thread finished: Caso4 1-236 
2024/12/01 23:06:39 INFO  - jmeter.threads.JMeterThread: Thread started: Caso4 1-237 
2024/12/01 23:06:39 INFO  - jmeter.threads.JMeterThread: Thread is done: Caso4 1-237 
2024/12/01 23:06:39 INFO  - jmeter.threads.JMeterThread: Thread finished: Caso4 1-237 
2024/12/01 23:06:40 INFO  - jmeter.threads.JMeterThread: Thread started: Caso4 1-238 
2024/12/01 23:06:40 INFO  - jmeter.threads.JMeterThread: Thread is done: Caso4 1-238 
2024/12/01 23:06:40 INFO  - jmeter.threads.JMeterThread: Thread finished: Caso4 1-238 
2024/12/01 23:06:40 INFO  - jmeter.threads.JMeterThread: Thread started: Caso4 1-239 
2024/12/01 23:06:40 INFO  - jmeter.threads.JMeterThread: Thread is done: Caso4 1-239 
2024/12/01 23:06:40 INFO  - jmeter.threads.JMeterThread: Thread finished: Caso4 1-239 
2024/12/01 23:06:40 INFO  - jmeter.threads.JMeterThread: Thread started: Caso4 1-240 
2024/12/01 23:06:40 INFO  - jmeter.threads.JMeterThread: Thread started: Caso4 1-241 
2024/12/01 23:06:40 INFO  - jmeter.threads.JMeterThread: Thread is done: Caso4 1-240 
2024/12/01 23:06:40 INFO  - jmeter.threads.JMeterThread: Thread finished: Caso4 1-240 
2024/12/01 23:06:40 INFO  - jmeter.threads.JMeterThread: Thread is done: Caso4 1-241 
2024/12/01 23:06:40 INFO  - jmeter.threads.JMeterThread: Thread finished: Caso4 1-241 
2024/12/01 23:06:40 INFO  - jmeter.threads.JMeterThread: Thread started: Caso4 1-242 
2024/12/01 23:06:40 INFO  - jmeter.threads.JMeterThread: Thread is done: Caso4 1-242 
2024/12/01 23:06:40 INFO  - jmeter.threads.JMeterThread: Thread finished: Caso4 1-242 
2024/12/01 23:06:40 INFO  - jmeter.threads.JMeterThread: Thread started: Caso4 1-243 
2024/12/01 23:06:40 INFO  - jmeter.threads.JMeterThread: Thread is done: Caso4 1-243 
2024/12/01 23:06:40 INFO  - jmeter.threads.JMeterThread: Thread finished: Caso4 1-243 
2024/12/01 23:06:40 INFO  - jmeter.threads.JMeterThread: Thread started: Caso4 1-244 
2024/12/01 23:06:40 INFO  - jmeter.threads.JMeterThread: Thread is done: Caso4 1-244 
2024/12/01 23:06:40 INFO  - jmeter.threads.JMeterThread: Thread finished: Caso4 1-244 
2024/12/01 23:06:40 INFO  - jmeter.threads.JMeterThread: Thread started: Caso4 1-245 
2024/12/01 23:06:40 INFO  - jmeter.threads.JMeterThread: Thread is done: Caso4 1-245 
2024/12/01 23:06:40 INFO  - jmeter.threads.JMeterThread: Thread finished: Caso4 1-245 
2024/12/01 23:06:40 INFO  - jmeter.threads.JMeterThread: Thread started: Caso4 1-246 
2024/12/01 23:06:40 INFO  - jmeter.threads.JMeterThread: Thread started: Caso4 1-247 
2024/12/01 23:06:40 INFO  - jmeter.threads.JMeterThread: Thread is done: Caso4 1-246 
2024/12/01 23:06:40 INFO  - jmeter.threads.JMeterThread: Thread finished: Caso4 1-246 
2024/12/01 23:06:40 INFO  - jmeter.threads.JMeterThread: Thread is done: Caso4 1-247 
2024/12/01 23:06:40 INFO  - jmeter.threads.JMeterThread: Thread finished: Caso4 1-247 
2024/12/01 23:06:40 INFO  - jmeter.threads.JMeterThread: Thread started: Caso4 1-248 
2024/12/01 23:06:40 INFO  - jmeter.threads.JMeterThread: Thread is done: Caso4 1-248 
2024/12/01 23:06:40 INFO  - jmeter.threads.JMeterThread: Thread finished: Caso4 1-248 
2024/12/01 23:06:40 INFO  - jmeter.threads.JMeterThread: Thread started: Caso4 1-249 
2024/12/01 23:06:40 INFO  - jmeter.threads.JMeterThread: Thread is done: Caso4 1-249 
2024/12/01 23:06:40 INFO  - jmeter.threads.JMeterThread: Thread finished: Caso4 1-249 
2024/12/01 23:06:40 INFO  - jmeter.threads.JMeterThread: Thread started: Caso4 1-250 
2024/12/01 23:06:40 INFO  - jmeter.threads.JMeterThread: Thread is done: Caso4 1-250 
2024/12/01 23:06:40 INFO  - jmeter.threads.JMeterThread: Thread finished: Caso4 1-250 
2024/12/01 23:06:40 INFO  - jmeter.threads.JMeterThread: Thread started: Caso4 1-251 
2024/12/01 23:06:40 INFO  - jmeter.threads.JMeterThread: Thread is done: Caso4 1-251 
2024/12/01 23:06:40 INFO  - jmeter.threads.JMeterThread: Thread finished: Caso4 1-251 
2024/12/01 23:06:40 INFO  - jmeter.threads.JMeterThread: Thread started: Caso4 1-252 
2024/12/01 23:06:40 INFO  - jmeter.threads.JMeterThread: Thread is done: Caso4 1-252 
2024/12/01 23:06:40 INFO  - jmeter.threads.JMeterThread: Thread finished: Caso4 1-252 
2024/12/01 23:06:40 INFO  - jmeter.threads.JMeterThread: Thread started: Caso4 1-253 
2024/12/01 23:06:40 INFO  - jmeter.threads.JMeterThread: Thread started: Caso4 1-254 
2024/12/01 23:06:40 INFO  - jmeter.threads.JMeterThread: Thread is done: Caso4 1-253 
2024/12/01 23:06:40 INFO  - jmeter.threads.JMeterThread: Thread finished: Caso4 1-253 
2024/12/01 23:06:40 INFO  - jmeter.threads.JMeterThread: Thread is done: Caso4 1-254 
2024/12/01 23:06:40 INFO  - jmeter.threads.JMeterThread: Thread finished: Caso4 1-254 
2024/12/01 23:06:40 INFO  - jmeter.threads.JMeterThread: Thread started: Caso4 1-255 
2024/12/01 23:06:40 INFO  - jmeter.threads.JMeterThread: Thread is done: Caso4 1-255 
2024/12/01 23:06:40 INFO  - jmeter.threads.JMeterThread: Thread finished: Caso4 1-255 
2024/12/01 23:06:40 INFO  - jmeter.threads.JMeterThread: Thread started: Caso4 1-256 
2024/12/01 23:06:40 INFO  - jmeter.threads.JMeterThread: Thread is done: Caso4 1-256 
2024/12/01 23:06:40 INFO  - jmeter.threads.JMeterThread: Thread finished: Caso4 1-256 
2024/12/01 23:06:40 INFO  - jmeter.threads.JMeterThread: Thread started: Caso4 1-257 
2024/12/01 23:06:40 INFO  - jmeter.threads.JMeterThread: Thread is done: Caso4 1-257 
2024/12/01 23:06:40 INFO  - jmeter.threads.JMeterThread: Thread finished: Caso4 1-257 
2024/12/01 23:06:40 INFO  - jmeter.threads.JMeterThread: Thread started: Caso4 1-258 
2024/12/01 23:06:40 INFO  - jmeter.threads.JMeterThread: Thread started: Caso4 1-259 
2024/12/01 23:06:40 INFO  - jmeter.threads.JMeterThread: Thread is done: Caso4 1-258 
2024/12/01 23:06:40 INFO  - jmeter.threads.JMeterThread: Thread finished: Caso4 1-258 
2024/12/01 23:06:40 INFO  - jmeter.threads.JMeterThread: Thread is done: Caso4 1-259 
2024/12/01 23:06:40 INFO  - jmeter.threads.JMeterThread: Thread finished: Caso4 1-259 
2024/12/01 23:06:40 INFO  - jmeter.threads.JMeterThread: Thread started: Caso4 1-260 
2024/12/01 23:06:40 INFO  - jmeter.threads.JMeterThread: Thread is done: Caso4 1-260 
2024/12/01 23:06:40 INFO  - jmeter.threads.JMeterThread: Thread finished: Caso4 1-260 
2024/12/01 23:06:40 INFO  - jmeter.threads.JMeterThread: Thread started: Caso4 1-261 
2024/12/01 23:06:40 INFO  - jmeter.threads.JMeterThread: Thread is done: Caso4 1-261 
2024/12/01 23:06:40 INFO  - jmeter.threads.JMeterThread: Thread finished: Caso4 1-261 
2024/12/01 23:06:40 INFO  - jmeter.threads.JMeterThread: Thread started: Caso4 1-262 
2024/12/01 23:06:40 INFO  - jmeter.threads.JMeterThread: Thread is done: Caso4 1-262 
2024/12/01 23:06:40 INFO  - jmeter.threads.JMeterThread: Thread finished: Caso4 1-262 
2024/12/01 23:06:40 INFO  - jmeter.threads.JMeterThread: Thread started: Caso4 1-263 
2024/12/01 23:06:40 INFO  - jmeter.threads.JMeterThread: Thread is done: Caso4 1-263 
2024/12/01 23:06:40 INFO  - jmeter.threads.JMeterThread: Thread finished: Caso4 1-263 
2024/12/01 23:06:40 INFO  - jmeter.threads.JMeterThread: Thread started: Caso4 1-264 
2024/12/01 23:06:40 INFO  - jmeter.threads.JMeterThread: Thread is done: Caso4 1-264 
2024/12/01 23:06:40 INFO  - jmeter.threads.JMeterThread: Thread finished: Caso4 1-264 
2024/12/01 23:06:40 INFO  - jmeter.threads.JMeterThread: Thread started: Caso4 1-265 
2024/12/01 23:06:40 INFO  - jmeter.threads.JMeterThread: Thread is done: Caso4 1-265 
2024/12/01 23:06:40 INFO  - jmeter.threads.JMeterThread: Thread finished: Caso4 1-265 
2024/12/01 23:06:40 INFO  - jmeter.threads.JMeterThread: Thread started: Caso4 1-266 
2024/12/01 23:06:40 INFO  - jmeter.threads.JMeterThread: Thread is done: Caso4 1-266 
2024/12/01 23:06:40 INFO  - jmeter.threads.JMeterThread: Thread finished: Caso4 1-266 
2024/12/01 23:06:40 INFO  - jmeter.threads.JMeterThread: Thread started: Caso4 1-267 
2024/12/01 23:06:40 INFO  - jmeter.threads.JMeterThread: Thread is done: Caso4 1-267 
2024/12/01 23:06:40 INFO  - jmeter.threads.JMeterThread: Thread finished: Caso4 1-267 
2024/12/01 23:06:40 INFO  - jmeter.threads.JMeterThread: Thread started: Caso4 1-268 
2024/12/01 23:06:40 INFO  - jmeter.threads.JMeterThread: Thread is done: Caso4 1-268 
2024/12/01 23:06:40 INFO  - jmeter.threads.JMeterThread: Thread finished: Caso4 1-268 
2024/12/01 23:06:40 INFO  - jmeter.threads.JMeterThread: Thread started: Caso4 1-269 
2024/12/01 23:06:40 INFO  - jmeter.threads.JMeterThread: Thread is done: Caso4 1-269 
2024/12/01 23:06:40 INFO  - jmeter.threads.JMeterThread: Thread finished: Caso4 1-269 
2024/12/01 23:06:40 INFO  - jmeter.threads.JMeterThread: Thread started: Caso4 1-270 
2024/12/01 23:06:40 INFO  - jmeter.threads.JMeterThread: Thread is done: Caso4 1-270 
2024/12/01 23:06:40 INFO  - jmeter.threads.JMeterThread: Thread finished: Caso4 1-270 
2024/12/01 23:06:40 INFO  - jmeter.threads.JMeterThread: Thread started: Caso4 1-271 
2024/12/01 23:06:40 INFO  - jmeter.threads.JMeterThread: Thread is done: Caso4 1-271 
2024/12/01 23:06:40 INFO  - jmeter.threads.JMeterThread: Thread finished: Caso4 1-271 
2024/12/01 23:06:40 INFO  - jmeter.threads.JMeterThread: Thread started: Caso4 1-272 
2024/12/01 23:06:40 INFO  - jmeter.threads.JMeterThread: Thread is done: Caso4 1-272 
2024/12/01 23:06:40 INFO  - jmeter.threads.JMeterThread: Thread finished: Caso4 1-272 
2024/12/01 23:06:40 INFO  - jmeter.threads.JMeterThread: Thread started: Caso4 1-273 
2024/12/01 23:06:40 INFO  - jmeter.threads.JMeterThread: Thread is done: Caso4 1-273 
2024/12/01 23:06:40 INFO  - jmeter.threads.JMeterThread: Thread finished: Caso4 1-273 
2024/12/01 23:06:40 INFO  - jmeter.threads.JMeterThread: Thread started: Caso4 1-274 
2024/12/01 23:06:40 INFO  - jmeter.threads.JMeterThread: Thread is done: Caso4 1-274 
2024/12/01 23:06:40 INFO  - jmeter.threads.JMeterThread: Thread finished: Caso4 1-274 
2024/12/01 23:06:40 INFO  - jmeter.threads.JMeterThread: Thread started: Caso4 1-275 
2024/12/01 23:06:40 INFO  - jmeter.threads.JMeterThread: Thread is done: Caso4 1-275 
2024/12/01 23:06:40 INFO  - jmeter.threads.JMeterThread: Thread finished: Caso4 1-275 
2024/12/01 23:06:40 INFO  - jmeter.threads.JMeterThread: Thread started: Caso4 1-276 
2024/12/01 23:06:40 INFO  - jmeter.threads.JMeterThread: Thread is done: Caso4 1-276 
2024/12/01 23:06:40 INFO  - jmeter.threads.JMeterThread: Thread finished: Caso4 1-276 
2024/12/01 23:06:40 INFO  - jmeter.threads.JMeterThread: Thread started: Caso4 1-277 
2024/12/01 23:06:40 INFO  - jmeter.threads.JMeterThread: Thread is done: Caso4 1-277 
2024/12/01 23:06:40 INFO  - jmeter.threads.JMeterThread: Thread finished: Caso4 1-277 
2024/12/01 23:06:40 INFO  - jmeter.threads.JMeterThread: Thread started: Caso4 1-278 
2024/12/01 23:06:40 INFO  - jmeter.threads.JMeterThread: Thread is done: Caso4 1-278 
2024/12/01 23:06:40 INFO  - jmeter.threads.JMeterThread: Thread finished: Caso4 1-278 
2024/12/01 23:06:40 INFO  - jmeter.threads.JMeterThread: Thread started: Caso4 1-279 
2024/12/01 23:06:40 INFO  - jmeter.threads.JMeterThread: Thread is done: Caso4 1-279 
2024/12/01 23:06:40 INFO  - jmeter.threads.JMeterThread: Thread finished: Caso4 1-279 
2024/12/01 23:06:40 INFO  - jmeter.threads.JMeterThread: Thread started: Caso4 1-280 
2024/12/01 23:06:40 INFO  - jmeter.threads.JMeterThread: Thread is done: Caso4 1-280 
2024/12/01 23:06:40 INFO  - jmeter.threads.JMeterThread: Thread finished: Caso4 1-280 
2024/12/01 23:06:40 INFO  - jmeter.threads.JMeterThread: Thread started: Caso4 1-281 
2024/12/01 23:06:40 INFO  - jmeter.threads.JMeterThread: Thread is done: Caso4 1-281 
2024/12/01 23:06:40 INFO  - jmeter.threads.JMeterThread: Thread finished: Caso4 1-281 
2024/12/01 23:06:40 INFO  - jmeter.threads.JMeterThread: Thread started: Caso4 1-282 
2024/12/01 23:06:40 INFO  - jmeter.threads.JMeterThread: Thread is done: Caso4 1-282 
2024/12/01 23:06:40 INFO  - jmeter.threads.JMeterThread: Thread finished: Caso4 1-282 
2024/12/01 23:06:40 INFO  - jmeter.threads.JMeterThread: Thread started: Caso4 1-283 
2024/12/01 23:06:40 INFO  - jmeter.threads.JMeterThread: Thread is done: Caso4 1-283 
2024/12/01 23:06:40 INFO  - jmeter.threads.JMeterThread: Thread finished: Caso4 1-283 
2024/12/01 23:06:40 INFO  - jmeter.threads.JMeterThread: Thread started: Caso4 1-284 
2024/12/01 23:06:40 INFO  - jmeter.threads.JMeterThread: Thread is done: Caso4 1-284 
2024/12/01 23:06:40 INFO  - jmeter.threads.JMeterThread: Thread finished: Caso4 1-284 
2024/12/01 23:06:40 INFO  - jmeter.threads.JMeterThread: Thread started: Caso4 1-285 
2024/12/01 23:06:40 INFO  - jmeter.threads.JMeterThread: Thread is done: Caso4 1-285 
2024/12/01 23:06:40 INFO  - jmeter.threads.JMeterThread: Thread finished: Caso4 1-285 
2024/12/01 23:06:40 INFO  - jmeter.threads.JMeterThread: Thread started: Caso4 1-286 
2024/12/01 23:06:40 INFO  - jmeter.threads.JMeterThread: Thread is done: Caso4 1-286 
2024/12/01 23:06:40 INFO  - jmeter.threads.JMeterThread: Thread finished: Caso4 1-286 
2024/12/01 23:06:40 INFO  - jmeter.threads.JMeterThread: Thread started: Caso4 1-287 
2024/12/01 23:06:40 INFO  - jmeter.threads.JMeterThread: Thread is done: Caso4 1-287 
2024/12/01 23:06:40 INFO  - jmeter.threads.JMeterThread: Thread finished: Caso4 1-287 
2024/12/01 23:06:40 INFO  - jmeter.threads.JMeterThread: Thread started: Caso4 1-288 
2024/12/01 23:06:40 INFO  - jmeter.threads.JMeterThread: Thread is done: Caso4 1-288 
2024/12/01 23:06:40 INFO  - jmeter.threads.JMeterThread: Thread finished: Caso4 1-288 
2024/12/01 23:06:40 INFO  - jmeter.threads.JMeterThread: Thread started: Caso4 1-289 
2024/12/01 23:06:40 INFO  - jmeter.threads.JMeterThread: Thread is done: Caso4 1-289 
2024/12/01 23:06:40 INFO  - jmeter.threads.JMeterThread: Thread finished: Caso4 1-289 
2024/12/01 23:06:40 INFO  - jmeter.threads.JMeterThread: Thread started: Caso4 1-290 
2024/12/01 23:06:40 INFO  - jmeter.threads.JMeterThread: Thread is done: Caso4 1-290 
2024/12/01 23:06:40 INFO  - jmeter.threads.JMeterThread: Thread finished: Caso4 1-290 
2024/12/01 23:06:40 INFO  - jmeter.threads.JMeterThread: Thread started: Caso4 1-291 
2024/12/01 23:06:40 INFO  - jmeter.threads.JMeterThread: Thread is done: Caso4 1-291 
2024/12/01 23:06:40 INFO  - jmeter.threads.JMeterThread: Thread finished: Caso4 1-291 
2024/12/01 23:06:40 INFO  - jmeter.threads.JMeterThread: Thread started: Caso4 1-292 
2024/12/01 23:06:40 INFO  - jmeter.threads.JMeterThread: Thread is done: Caso4 1-292 
2024/12/01 23:06:40 INFO  - jmeter.threads.JMeterThread: Thread finished: Caso4 1-292 
2024/12/01 23:06:40 INFO  - jmeter.threads.JMeterThread: Thread started: Caso4 1-293 
2024/12/01 23:06:40 INFO  - jmeter.threads.JMeterThread: Thread is done: Caso4 1-293 
2024/12/01 23:06:40 INFO  - jmeter.threads.JMeterThread: Thread finished: Caso4 1-293 
2024/12/01 23:06:40 INFO  - jmeter.threads.JMeterThread: Thread started: Caso4 1-294 
2024/12/01 23:06:40 INFO  - jmeter.threads.JMeterThread: Thread is done: Caso4 1-294 
2024/12/01 23:06:40 INFO  - jmeter.threads.JMeterThread: Thread finished: Caso4 1-294 
2024/12/01 23:06:40 INFO  - jmeter.threads.JMeterThread: Thread started: Caso4 1-295 
2024/12/01 23:06:41 INFO  - jmeter.threads.JMeterThread: Thread is done: Caso4 1-295 
2024/12/01 23:06:41 INFO  - jmeter.threads.JMeterThread: Thread finished: Caso4 1-295 
2024/12/01 23:06:41 INFO  - jmeter.threads.JMeterThread: Thread started: Caso4 1-296 
2024/12/01 23:06:41 INFO  - jmeter.threads.JMeterThread: Thread is done: Caso4 1-296 
2024/12/01 23:06:41 INFO  - jmeter.threads.JMeterThread: Thread finished: Caso4 1-296 
2024/12/01 23:06:41 INFO  - jmeter.threads.JMeterThread: Thread started: Caso4 1-297 
2024/12/01 23:06:41 INFO  - jmeter.threads.JMeterThread: Thread is done: Caso4 1-297 
2024/12/01 23:06:41 INFO  - jmeter.threads.JMeterThread: Thread finished: Caso4 1-297 
2024/12/01 23:06:41 INFO  - jmeter.threads.JMeterThread: Thread started: Caso4 1-298 
2024/12/01 23:06:41 INFO  - jmeter.threads.JMeterThread: Thread is done: Caso4 1-298 
2024/12/01 23:06:41 INFO  - jmeter.threads.JMeterThread: Thread finished: Caso4 1-298 
2024/12/01 23:06:41 INFO  - jmeter.threads.JMeterThread: Thread started: Caso4 1-299 
2024/12/01 23:06:41 INFO  - jmeter.threads.JMeterThread: Thread is done: Caso4 1-299 
2024/12/01 23:06:41 INFO  - jmeter.threads.JMeterThread: Thread finished: Caso4 1-299 
2024/12/01 23:06:41 INFO  - jmeter.threads.JMeterThread: Thread started: Caso4 1-300 
2024/12/01 23:06:41 INFO  - jmeter.threads.JMeterThread: Thread is done: Caso4 1-300 
2024/12/01 23:06:41 INFO  - jmeter.threads.JMeterThread: Thread finished: Caso4 1-300 
2024/12/01 23:06:41 INFO  - jmeter.engine.StandardJMeterEngine: Notifying test listeners of end of test 
2024/12/01 23:06:41 INFO  - jmeter.reporters.Summariser: summary =    300 in   5,2s =   57,4/s Avg:    33 Min:     4 Max:   296 Err:     0 (0,00%) 
